[Sun Apr 28 02:33:05.995936 2024] [ssl:warn] [pid 1900:tid 388] AH01909: www.example.com:443:0 server certificate does NOT include an ID which matches the server name
[Sun Apr 28 02:33:06.032914 2024] [ssl:warn] [pid 1900:tid 388] AH01909: www.example.com:443:0 server certificate does NOT include an ID which matches the server name
[Sun Apr 28 02:33:06.079972 2024] [mpm_winnt:notice] [pid 1900:tid 388] AH00455: Apache/2.4.58 (Win64) OpenSSL/3.1.3 PHP/8.2.12 configured -- resuming normal operations
[Sun Apr 28 02:33:06.079972 2024] [mpm_winnt:notice] [pid 1900:tid 388] AH00456: Apache Lounge VS17 Server built: Oct 18 2023 13:03:18
[Sun Apr 28 02:33:06.079972 2024] [core:notice] [pid 1900:tid 388] AH00094: Command line: 'd:\\xamp\\apache\\bin\\httpd.exe -d D:/xamp/apache'
[Sun Apr 28 02:33:06.085959 2024] [mpm_winnt:notice] [pid 1900:tid 388] AH00418: Parent: Created child process 9564
[Sun Apr 28 02:33:06.635113 2024] [ssl:warn] [pid 9564:tid 400] AH01909: www.example.com:443:0 server certificate does NOT include an ID which matches the server name
[Sun Apr 28 02:33:06.667336 2024] [ssl:warn] [pid 9564:tid 400] AH01909: www.example.com:443:0 server certificate does NOT include an ID which matches the server name
[Sun Apr 28 02:33:06.705018 2024] [mpm_winnt:notice] [pid 9564:tid 400] AH00354: Child: Starting 150 worker threads.
[Sun Apr 28 03:54:10.943348 2024] [php:error] [pid 9564:tid 1908] [client ::1:57505] PHP Fatal error:  Uncaught mysqli_sql_exception: You have an error in your SQL syntax; check the manual that corresponds to your MariaDB server version for the right syntax to use near ''password')\r\n        VALUES ('John', 'name@gmail.com', 'Abc123')' at line 1 in D:\\xamp\\htdocs\\PassManager\\auth.php:41\nStack trace:\n#0 D:\\xamp\\htdocs\\PassManager\\auth.php(41): mysqli->query('INSERT INTO use...')\n#1 {main}\n  thrown in D:\\xamp\\htdocs\\PassManager\\auth.php on line 41
[Sun Apr 28 03:54:12.277716 2024] [php:error] [pid 9564:tid 1908] [client ::1:57505] PHP Fatal error:  Uncaught mysqli_sql_exception: You have an error in your SQL syntax; check the manual that corresponds to your MariaDB server version for the right syntax to use near ''password')\r\n        VALUES ('John', 'name@gmail.com', 'Abc123')' at line 1 in D:\\xamp\\htdocs\\PassManager\\auth.php:41\nStack trace:\n#0 D:\\xamp\\htdocs\\PassManager\\auth.php(41): mysqli->query('INSERT INTO use...')\n#1 {main}\n  thrown in D:\\xamp\\htdocs\\PassManager\\auth.php on line 41
[Sun Apr 28 03:55:05.628313 2024] [php:error] [pid 9564:tid 1896] [client ::1:58147] PHP Fatal error:  Uncaught mysqli_sql_exception: Duplicate entry 'John' for key 'username' in D:\\xamp\\htdocs\\PassManager\\auth.php:41\nStack trace:\n#0 D:\\xamp\\htdocs\\PassManager\\auth.php(41): mysqli->query('INSERT INTO use...')\n#1 {main}\n  thrown in D:\\xamp\\htdocs\\PassManager\\auth.php on line 41
[Sun Apr 28 03:57:17.826877 2024] [php:error] [pid 9564:tid 1896] [client ::1:59819] PHP Fatal error:  Uncaught mysqli_sql_exception: Duplicate entry 'Shah' for key 'username' in D:\\xamp\\htdocs\\PassManager\\auth.php:41\nStack trace:\n#0 D:\\xamp\\htdocs\\PassManager\\auth.php(41): mysqli->query('INSERT INTO use...')\n#1 {main}\n  thrown in D:\\xamp\\htdocs\\PassManager\\auth.php on line 41
[Sun Apr 28 04:01:36.715494 2024] [php:error] [pid 9564:tid 1896] [client ::1:63139] PHP Fatal error:  Uncaught mysqli_sql_exception: Unknown column 'id' in 'where clause' in D:\\xamp\\htdocs\\PassManager\\auth.php:49\nStack trace:\n#0 D:\\xamp\\htdocs\\PassManager\\auth.php(49): mysqli->query('UPDATE user SET...')\n#1 {main}\n  thrown in D:\\xamp\\htdocs\\PassManager\\auth.php on line 49
[Sun Apr 28 04:11:40.266804 2024] [php:error] [pid 9564:tid 1888] [client ::1:54817] PHP Fatal error:  Uncaught mysqli_sql_exception: You have an error in your SQL syntax; check the manual that corresponds to your MariaDB server version for the right syntax to use near 'abc123')'' at line 1 in D:\\xamp\\htdocs\\PassManager\\auth.php:28\nStack trace:\n#0 D:\\xamp\\htdocs\\PassManager\\auth.php(28): mysqli->query('SELECT * FROM u...')\n#1 {main}\n  thrown in D:\\xamp\\htdocs\\PassManager\\auth.php on line 28
[Sun Apr 28 04:14:06.055491 2024] [php:error] [pid 9564:tid 1888] [client ::1:56639] PHP Fatal error:  Uncaught mysqli_sql_exception: Unknown column 'ad695f53ae7569fb981fc95598e27e67' in 'where clause' in D:\\xamp\\htdocs\\PassManager\\auth.php:28\nStack trace:\n#0 D:\\xamp\\htdocs\\PassManager\\auth.php(28): mysqli->query('SELECT * FROM u...')\n#1 {main}\n  thrown in D:\\xamp\\htdocs\\PassManager\\auth.php on line 28, referer: http://localhost/PassManager/login.php
[Sun Apr 28 04:16:54.845049 2024] [php:error] [pid 9564:tid 1888] [client ::1:58818] PHP Fatal error:  Uncaught Error: Undefined constant "Abc123" in D:\\xamp\\htdocs\\PassManager\\auth.php:28\nStack trace:\n#0 {main}\n  thrown in D:\\xamp\\htdocs\\PassManager\\auth.php on line 28, referer: http://localhost/PassManager/login.php
[Sun Apr 28 04:17:34.883460 2024] [php:error] [pid 9564:tid 1888] [client ::1:59356] PHP Fatal error:  Uncaught mysqli_sql_exception: You have an error in your SQL syntax; check the manual that corresponds to your MariaDB server version for the right syntax to use near 'Abc123')'' at line 1 in D:\\xamp\\htdocs\\PassManager\\auth.php:29\nStack trace:\n#0 D:\\xamp\\htdocs\\PassManager\\auth.php(29): mysqli->query('SELECT * FROM u...')\n#1 {main}\n  thrown in D:\\xamp\\htdocs\\PassManager\\auth.php on line 29, referer: http://localhost/PassManager/login.php
[Sun Apr 28 04:17:45.604756 2024] [php:error] [pid 9564:tid 1888] [client ::1:59501] PHP Fatal error:  Uncaught mysqli_sql_exception: You have an error in your SQL syntax; check the manual that corresponds to your MariaDB server version for the right syntax to use near 'Abc123')'' at line 1 in D:\\xamp\\htdocs\\PassManager\\auth.php:29\nStack trace:\n#0 D:\\xamp\\htdocs\\PassManager\\auth.php(29): mysqli->query('SELECT * FROM u...')\n#1 {main}\n  thrown in D:\\xamp\\htdocs\\PassManager\\auth.php on line 29, referer: http://localhost/PassManager/login.php
[Sun Apr 28 04:17:46.961566 2024] [php:error] [pid 9564:tid 1888] [client ::1:59501] PHP Fatal error:  Uncaught mysqli_sql_exception: You have an error in your SQL syntax; check the manual that corresponds to your MariaDB server version for the right syntax to use near 'Abc123')'' at line 1 in D:\\xamp\\htdocs\\PassManager\\auth.php:29\nStack trace:\n#0 D:\\xamp\\htdocs\\PassManager\\auth.php(29): mysqli->query('SELECT * FROM u...')\n#1 {main}\n  thrown in D:\\xamp\\htdocs\\PassManager\\auth.php on line 29, referer: http://localhost/PassManager/login.php
[Sun Apr 28 04:28:53.604630 2024] [php:warn] [pid 9564:tid 1888] [client ::1:52130] PHP Warning:  Undefined global variable $_SESSION in D:\\xamp\\htdocs\\PassManager\\home.php on line 13, referer: http://localhost/PassManager/login.php
[Sun Apr 28 04:28:53.605626 2024] [php:warn] [pid 9564:tid 1888] [client ::1:52130] PHP Warning:  Trying to access array offset on value of type null in D:\\xamp\\htdocs\\PassManager\\home.php on line 13, referer: http://localhost/PassManager/login.php
[Sun Apr 28 04:30:45.369039 2024] [php:warn] [pid 9564:tid 1888] [client ::1:53592] PHP Warning:  Undefined array key "username" in D:\\xamp\\htdocs\\PassManager\\home.php on line 13, referer: http://localhost/PassManager/login.php
[Sun Apr 28 04:30:50.005424 2024] [php:warn] [pid 9564:tid 1888] [client ::1:53592] PHP Warning:  Undefined array key "username" in D:\\xamp\\htdocs\\PassManager\\home.php on line 13, referer: http://localhost/PassManager/login.php
[Sun Apr 28 04:31:07.660510 2024] [php:warn] [pid 9564:tid 1888] [client ::1:53865] PHP Warning:  Undefined array key "username" in D:\\xamp\\htdocs\\PassManager\\home.php on line 13, referer: http://localhost/PassManager/login.php
[Sun Apr 28 04:32:41.900554 2024] [php:warn] [pid 9564:tid 1888] [client ::1:55117] PHP Warning:  Undefined array key "username" in D:\\xamp\\htdocs\\PassManager\\auth.php on line 36, referer: http://localhost/PassManager/login.php
[Sun Apr 28 04:32:46.412532 2024] [php:warn] [pid 9564:tid 1888] [client ::1:55117] PHP Warning:  Undefined array key "username" in D:\\xamp\\htdocs\\PassManager\\auth.php on line 36, referer: http://localhost/PassManager/login.php
[Sun Apr 28 04:33:04.584313 2024] [php:warn] [pid 9564:tid 1888] [client ::1:55398] PHP Warning:  Undefined array key "username" in D:\\xamp\\htdocs\\PassManager\\auth.php on line 36, referer: http://localhost/PassManager/login.php
[Sun Apr 28 04:33:33.329957 2024] [php:warn] [pid 9564:tid 1888] [client ::1:55752] PHP Warning:  Undefined array key "username" in D:\\xamp\\htdocs\\PassManager\\auth.php on line 36, referer: http://localhost/PassManager/login.php
[Sun Apr 28 04:33:34.433690 2024] [php:warn] [pid 9564:tid 1888] [client ::1:55752] PHP Warning:  Undefined array key "username" in D:\\xamp\\htdocs\\PassManager\\auth.php on line 36, referer: http://localhost/PassManager/login.php
[Sun Apr 28 04:37:37.252850 2024] [php:warn] [pid 9564:tid 1888] [client ::1:59021] PHP Warning:  Undefined array key "username" in D:\\xamp\\htdocs\\PassManager\\logout.php on line 16, referer: http://localhost/PassManager/home.php
[Sun Apr 28 04:50:59.403753 2024] [php:warn] [pid 9564:tid 1888] [client ::1:53261] PHP Warning:  Undefined array key "email" in D:\\xamp\\htdocs\\PassManager\\authForget.php on line 26
[Sun Apr 28 04:52:07.970789 2024] [php:error] [pid 9564:tid 1888] [client ::1:54233] PHP Fatal error:  Uncaught mysqli_sql_exception: You have an error in your SQL syntax; check the manual that corresponds to your MariaDB server version for the right syntax to use near '@gmail.com]'' at line 1 in D:\\xamp\\htdocs\\PassManager\\authForget.php:29\nStack trace:\n#0 D:\\xamp\\htdocs\\PassManager\\authForget.php(29): mysqli->query('SELECT * FROM u...')\n#1 {main}\n  thrown in D:\\xamp\\htdocs\\PassManager\\authForget.php on line 29
[Sun Apr 28 04:52:33.919315 2024] [php:error] [pid 9564:tid 1888] [client ::1:54567] PHP Fatal error:  Uncaught Error: Undefined constant "Math" in D:\\xamp\\htdocs\\PassManager\\authForget.php:35\nStack trace:\n#0 {main}\n  thrown in D:\\xamp\\htdocs\\PassManager\\authForget.php on line 35
[Sun Apr 28 04:54:30.065806 2024] [php:error] [pid 9564:tid 1888] [client ::1:56252] PHP Fatal error:  Uncaught mysqli_sql_exception: Incorrect parameter count in the call to native function 'rand' in D:\\xamp\\htdocs\\PassManager\\authForget.php:36\nStack trace:\n#0 D:\\xamp\\htdocs\\PassManager\\authForget.php(36): mysqli->query('UPDATE user SET...')\n#1 {main}\n  thrown in D:\\xamp\\htdocs\\PassManager\\authForget.php on line 36
[Sun Apr 28 05:14:57.133867 2024] [php:warn] [pid 9564:tid 1888] [client ::1:56219] PHP Warning:  Undefined array key "username" in D:\\xamp\\htdocs\\PassManager\\home.php on line 13, referer: http://localhost/PassManager/forget.php
[Sun Apr 28 05:16:07.809826 2024] [php:warn] [pid 9564:tid 1888] [client ::1:57161] PHP Warning:  Undefined array key "username" in D:\\xamp\\htdocs\\PassManager\\home.php on line 13, referer: http://localhost/PassManager/forget.php
[Sun Apr 28 05:16:28.658850 2024] [php:warn] [pid 9564:tid 1888] [client ::1:57288] PHP Warning:  Undefined array key "username" in D:\\xamp\\htdocs\\PassManager\\home.php on line 13, referer: http://localhost/PassManager/forget.php
[Sun Apr 28 05:17:52.699992 2024] [php:warn] [pid 9564:tid 1888] [client ::1:58329] PHP Warning:  Undefined array key "username" in D:\\xamp\\htdocs\\PassManager\\home.php on line 13, referer: http://localhost/PassManager/forget.php
[Sun Apr 28 05:18:42.101988 2024] [php:warn] [pid 9564:tid 1888] [client ::1:59039] PHP Warning:  Undefined array key "username" in D:\\xamp\\htdocs\\PassManager\\home.php on line 13, referer: http://localhost/PassManager/forget.php
[Sun Apr 28 05:22:36.711213 2024] [php:warn] [pid 9564:tid 1888] [client ::1:62021] PHP Warning:  Undefined array key "username" in D:\\xamp\\htdocs\\PassManager\\home.php on line 13, referer: http://localhost/PassManager/forget.php
[Sun Apr 28 05:24:26.600758 2024] [php:warn] [pid 9564:tid 1888] [client ::1:63396] PHP Warning:  Undefined array key "username" in D:\\xamp\\htdocs\\PassManager\\home.php on line 13, referer: http://localhost/PassManager/forget.php
[Sun Apr 28 05:24:27.439244 2024] [php:warn] [pid 9564:tid 1888] [client ::1:63396] PHP Warning:  Undefined array key "username" in D:\\xamp\\htdocs\\PassManager\\home.php on line 13, referer: http://localhost/PassManager/forget.php
[Sun Apr 28 05:24:33.122820 2024] [php:warn] [pid 9564:tid 1888] [client ::1:63396] PHP Warning:  Undefined array key "username" in D:\\xamp\\htdocs\\PassManager\\home.php on line 13, referer: http://localhost/PassManager/forget.php
[Sun Apr 28 05:25:22.958215 2024] [php:warn] [pid 9564:tid 1888] [client ::1:64140] PHP Warning:  Undefined array key "username" in D:\\xamp\\htdocs\\PassManager\\home.php on line 13, referer: http://localhost/PassManager/forget.php
[Sun Apr 28 05:26:33.674031 2024] [php:warn] [pid 9564:tid 1888] [client ::1:64966] PHP Warning:  Undefined array key "username" in D:\\xamp\\htdocs\\PassManager\\home.php on line 13, referer: http://localhost/PassManager/forget.php
[Sun Apr 28 05:27:02.573479 2024] [php:warn] [pid 9564:tid 1888] [client ::1:65322] PHP Warning:  Undefined array key "username" in D:\\xamp\\htdocs\\PassManager\\home.php on line 13, referer: http://localhost/PassManager/forget.php
[Sun Apr 28 05:29:16.507285 2024] [php:warn] [pid 9564:tid 1888] [client ::1:50543] PHP Warning:  Undefined array key "username" in D:\\xamp\\htdocs\\PassManager\\home.php on line 13, referer: http://localhost/PassManager/home.php/?email=zuhairisyraq@gmail.com
[Sun Apr 28 05:29:18.201280 2024] [php:warn] [pid 9564:tid 1888] [client ::1:50543] PHP Warning:  Undefined array key "username" in D:\\xamp\\htdocs\\PassManager\\home.php on line 13, referer: http://localhost/PassManager/home.php/logout.php
[Sun Apr 28 05:29:18.773459 2024] [php:warn] [pid 9564:tid 1888] [client ::1:50543] PHP Warning:  Undefined array key "username" in D:\\xamp\\htdocs\\PassManager\\home.php on line 13, referer: http://localhost/PassManager/home.php/logout.php
[Sun Apr 28 05:29:18.960140 2024] [php:warn] [pid 9564:tid 1888] [client ::1:50543] PHP Warning:  Undefined array key "username" in D:\\xamp\\htdocs\\PassManager\\home.php on line 13, referer: http://localhost/PassManager/home.php/logout.php
[Sun Apr 28 05:29:19.101639 2024] [php:warn] [pid 9564:tid 1888] [client ::1:50543] PHP Warning:  Undefined array key "username" in D:\\xamp\\htdocs\\PassManager\\home.php on line 13, referer: http://localhost/PassManager/home.php/logout.php
[Sun Apr 28 05:29:23.043567 2024] [php:warn] [pid 9564:tid 1888] [client ::1:50543] PHP Warning:  Undefined array key "username" in D:\\xamp\\htdocs\\PassManager\\home.php on line 13
[Sun Apr 28 05:29:24.585960 2024] [php:warn] [pid 9564:tid 1888] [client ::1:50543] PHP Warning:  Undefined array key "username" in D:\\xamp\\htdocs\\PassManager\\home.php on line 13, referer: http://localhost/PassManager/home.php/
[Sun Apr 28 05:29:29.511640 2024] [php:warn] [pid 9564:tid 1888] [client ::1:50543] PHP Warning:  Undefined array key "username" in D:\\xamp\\htdocs\\PassManager\\home.php on line 13
[Sun Apr 28 05:38:36.210392 2024] [php:error] [pid 9564:tid 1888] [client ::1:58725] script 'D:/xamp/htdocs/PassManager/authRecover.php' not found or unable to stat, referer: http://localhost/PassManager/recoverPass.php
[Sun Apr 28 05:48:44.759810 2024] [php:error] [pid 9564:tid 1924] [client ::1:51145] PHP Fatal error:  Uncaught mysqli_sql_exception: You have an error in your SQL syntax; check the manual that corresponds to your MariaDB server version for the right syntax to use near 'WHERE user_id = 1' at line 1 in D:\\xamp\\htdocs\\PassManager\\authRecover.php:34\nStack trace:\n#0 D:\\xamp\\htdocs\\PassManager\\authRecover.php(34): mysqli->query('UPDATE user SET...')\n#1 {main}\n  thrown in D:\\xamp\\htdocs\\PassManager\\authRecover.php on line 34, referer: http://localhost/PassManager/recoverPass.php
[Sun Apr 28 06:03:34.788158 2024] [php:warn] [pid 9564:tid 1924] [client ::1:64160] PHP Warning:  Undefined array key "pin" in D:\\xamp\\htdocs\\PassManager\\authForget.php on line 38, referer: http://localhost/PassManager/forget.php
[Sun Apr 28 06:04:13.036825 2024] [php:warn] [pid 9564:tid 1924] [client ::1:64713] PHP Warning:  Undefined array key "pin" in D:\\xamp\\htdocs\\PassManager\\authForget.php on line 38, referer: http://localhost/PassManager/forget.php
[Sun Apr 28 06:04:49.825316 2024] [php:warn] [pid 9564:tid 1924] [client ::1:65247] PHP Warning:  Undefined array key "email" in D:\\xamp\\htdocs\\PassManager\\recoverPass.php on line 74, referer: http://localhost/PassManager/forget.php
[Sun Apr 28 06:04:49.825316 2024] [php:warn] [pid 9564:tid 1924] [client ::1:65247] PHP Warning:  Undefined array key "pin" in D:\\xamp\\htdocs\\PassManager\\recoverPass.php on line 75, referer: http://localhost/PassManager/forget.php
[Sun Apr 28 06:04:57.241459 2024] [php:warn] [pid 9564:tid 1924] [client ::1:65247] PHP Warning:  Undefined array key "pin" in D:\\xamp\\htdocs\\PassManager\\authForget.php on line 38, referer: http://localhost/PassManager/forget.php
[Sun Apr 28 06:09:30.420347 2024] [php:warn] [pid 9564:tid 1908] [client ::1:52669] PHP Warning:  Undefined array key "email" in D:\\xamp\\htdocs\\PassManager\\recoverPass.php on line 75, referer: http://localhost/PassManager/forget.php
[Sun Apr 28 06:09:30.420347 2024] [php:warn] [pid 9564:tid 1908] [client ::1:52669] PHP Warning:  Undefined array key "pin" in D:\\xamp\\htdocs\\PassManager\\recoverPass.php on line 76, referer: http://localhost/PassManager/forget.php
[Sun Apr 28 06:10:56.780530 2024] [php:warn] [pid 9564:tid 1908] [client ::1:54012] PHP Warning:  Undefined array key "email" in D:\\xamp\\htdocs\\PassManager\\recoverPass.php on line 75, referer: http://localhost/PassManager/forget.php
[Sun Apr 28 06:10:56.780530 2024] [php:warn] [pid 9564:tid 1908] [client ::1:54012] PHP Warning:  Undefined array key "pin" in D:\\xamp\\htdocs\\PassManager\\recoverPass.php on line 76, referer: http://localhost/PassManager/forget.php
[Sun Apr 28 06:13:47.748451 2024] [php:warn] [pid 9564:tid 1908] [client ::1:56280] PHP Warning:  Undefined array key "email" in D:\\xamp\\htdocs\\PassManager\\recoverPass.php on line 75, referer: http://localhost/PassManager/forget.php
[Sun Apr 28 06:13:47.748451 2024] [php:warn] [pid 9564:tid 1908] [client ::1:56280] PHP Warning:  Undefined array key "pin" in D:\\xamp\\htdocs\\PassManager\\recoverPass.php on line 76, referer: http://localhost/PassManager/forget.php
[Sun Apr 28 06:14:06.611802 2024] [php:warn] [pid 9564:tid 1908] [client ::1:56558] PHP Warning:  Undefined array key "email" in D:\\xamp\\htdocs\\PassManager\\recoverPass.php on line 75, referer: http://localhost/PassManager/forget.php
[Sun Apr 28 06:14:06.611802 2024] [php:warn] [pid 9564:tid 1908] [client ::1:56558] PHP Warning:  Undefined array key "pin" in D:\\xamp\\htdocs\\PassManager\\recoverPass.php on line 76, referer: http://localhost/PassManager/forget.php
[Sun Apr 28 06:14:17.999573 2024] [php:warn] [pid 9564:tid 1908] [client ::1:56717] PHP Warning:  Undefined array key "email" in D:\\xamp\\htdocs\\PassManager\\recoverPass.php on line 75, referer: http://localhost/PassManager/forget.php
[Sun Apr 28 06:14:17.999573 2024] [php:warn] [pid 9564:tid 1908] [client ::1:56717] PHP Warning:  Undefined array key "pin" in D:\\xamp\\htdocs\\PassManager\\recoverPass.php on line 76, referer: http://localhost/PassManager/forget.php
[Sun Apr 28 06:14:37.379399 2024] [php:warn] [pid 9564:tid 1908] [client ::1:57025] PHP Warning:  Undefined array key "email" in D:\\xamp\\htdocs\\PassManager\\recoverPass.php on line 75, referer: http://localhost/PassManager/forget.php
[Sun Apr 28 06:14:37.379399 2024] [php:warn] [pid 9564:tid 1908] [client ::1:57025] PHP Warning:  Undefined array key "pin" in D:\\xamp\\htdocs\\PassManager\\recoverPass.php on line 76, referer: http://localhost/PassManager/forget.php
[Sun Apr 28 06:16:02.489123 2024] [php:warn] [pid 9564:tid 1908] [client ::1:58083] PHP Warning:  Undefined array key "email" in D:\\xamp\\htdocs\\PassManager\\recoverPass.php on line 75, referer: http://localhost/PassManager/forget.php
[Sun Apr 28 06:16:02.489123 2024] [php:warn] [pid 9564:tid 1908] [client ::1:58083] PHP Warning:  Undefined array key "pin" in D:\\xamp\\htdocs\\PassManager\\recoverPass.php on line 76, referer: http://localhost/PassManager/forget.php
[Sun Apr 28 06:17:15.302227 2024] [php:warn] [pid 9564:tid 1908] [client ::1:59063] PHP Warning:  Undefined array key "email" in D:\\xamp\\htdocs\\PassManager\\recoverPass.php on line 75, referer: http://localhost/PassManager/forget.php
[Sun Apr 28 06:17:15.302227 2024] [php:warn] [pid 9564:tid 1908] [client ::1:59063] PHP Warning:  Undefined array key "pin" in D:\\xamp\\htdocs\\PassManager\\recoverPass.php on line 76, referer: http://localhost/PassManager/forget.php
[Sun Apr 28 06:18:40.926128 2024] [php:warn] [pid 9564:tid 1908] [client ::1:60429] PHP Warning:  Undefined array key "email" in D:\\xamp\\htdocs\\PassManager\\recoverPass.php on line 75, referer: http://localhost/PassManager/forget.php
[Sun Apr 28 06:18:40.926128 2024] [php:warn] [pid 9564:tid 1908] [client ::1:60429] PHP Warning:  Undefined array key "pin" in D:\\xamp\\htdocs\\PassManager\\recoverPass.php on line 76, referer: http://localhost/PassManager/forget.php
[Sun Apr 28 06:18:57.405696 2024] [php:warn] [pid 9564:tid 1908] [client ::1:60672] PHP Warning:  Undefined array key "email" in D:\\xamp\\htdocs\\PassManager\\recoverPass.php on line 75, referer: http://localhost/PassManager/forget.php
[Sun Apr 28 06:18:57.406694 2024] [php:warn] [pid 9564:tid 1908] [client ::1:60672] PHP Warning:  Undefined array key "pin" in D:\\xamp\\htdocs\\PassManager\\recoverPass.php on line 76, referer: http://localhost/PassManager/forget.php
[Sun Apr 28 06:20:09.060135 2024] [php:warn] [pid 9564:tid 1908] [client ::1:61749] PHP Warning:  Undefined array key "email" in D:\\xamp\\htdocs\\PassManager\\recoverPass.php on line 75, referer: http://localhost/PassManager/forget.php
[Sun Apr 28 06:20:09.060135 2024] [php:warn] [pid 9564:tid 1908] [client ::1:61749] PHP Warning:  Undefined array key "pin" in D:\\xamp\\htdocs\\PassManager\\recoverPass.php on line 76, referer: http://localhost/PassManager/forget.php
[Sun Apr 28 06:20:42.845479 2024] [php:warn] [pid 9564:tid 1908] [client ::1:62360] PHP Warning:  Undefined array key "email" in D:\\xamp\\htdocs\\PassManager\\recoverPass.php on line 75, referer: http://localhost/PassManager/forget.php
[Sun Apr 28 06:20:42.845479 2024] [php:warn] [pid 9564:tid 1908] [client ::1:62360] PHP Warning:  Undefined array key "pin" in D:\\xamp\\htdocs\\PassManager\\recoverPass.php on line 76, referer: http://localhost/PassManager/forget.php
[Sun Apr 28 06:20:54.883032 2024] [php:warn] [pid 9564:tid 1908] [client ::1:62645] PHP Warning:  Undefined array key "email" in D:\\xamp\\htdocs\\PassManager\\recoverPass.php on line 75, referer: http://localhost/PassManager/forget.php
[Sun Apr 28 06:20:54.883032 2024] [php:warn] [pid 9564:tid 1908] [client ::1:62645] PHP Warning:  Undefined array key "pin" in D:\\xamp\\htdocs\\PassManager\\recoverPass.php on line 76, referer: http://localhost/PassManager/forget.php
[Sun Apr 28 06:21:35.673507 2024] [php:warn] [pid 9564:tid 1908] [client ::1:63164] PHP Warning:  Undefined array key "email" in D:\\xamp\\htdocs\\PassManager\\recoverPass.php on line 75, referer: http://localhost/PassManager/forget.php
[Sun Apr 28 06:21:35.673507 2024] [php:warn] [pid 9564:tid 1908] [client ::1:63164] PHP Warning:  Undefined array key "pin" in D:\\xamp\\htdocs\\PassManager\\recoverPass.php on line 76, referer: http://localhost/PassManager/forget.php
[Sun Apr 28 06:21:49.362748 2024] [php:warn] [pid 9564:tid 1908] [client ::1:63335] PHP Warning:  Undefined array key "email" in D:\\xamp\\htdocs\\PassManager\\recoverPass.php on line 75, referer: http://localhost/PassManager/forget.php
[Sun Apr 28 06:21:49.362748 2024] [php:warn] [pid 9564:tid 1908] [client ::1:63335] PHP Warning:  Undefined array key "pin" in D:\\xamp\\htdocs\\PassManager\\recoverPass.php on line 76, referer: http://localhost/PassManager/forget.php
[Sun Apr 28 06:23:56.032706 2024] [php:warn] [pid 9564:tid 1908] [client ::1:65278] PHP Warning:  Undefined array key "email" in D:\\xamp\\htdocs\\PassManager\\recoverPass.php on line 75, referer: http://localhost/PassManager/forget.php
[Sun Apr 28 06:23:56.032706 2024] [php:warn] [pid 9564:tid 1908] [client ::1:65278] PHP Warning:  Undefined array key "pin" in D:\\xamp\\htdocs\\PassManager\\recoverPass.php on line 76, referer: http://localhost/PassManager/forget.php
[Sun Apr 28 06:24:15.046586 2024] [php:warn] [pid 9564:tid 1908] [client ::1:49155] PHP Warning:  Undefined array key "email" in D:\\xamp\\htdocs\\PassManager\\recoverPass.php on line 75, referer: http://localhost/PassManager/forget.php
[Sun Apr 28 06:24:15.046586 2024] [php:warn] [pid 9564:tid 1908] [client ::1:49155] PHP Warning:  Undefined array key "pin" in D:\\xamp\\htdocs\\PassManager\\recoverPass.php on line 76, referer: http://localhost/PassManager/forget.php
[Sun Apr 28 06:24:19.402058 2024] [php:warn] [pid 9564:tid 1908] [client ::1:49155] PHP Warning:  Undefined array key "email" in D:\\xamp\\htdocs\\PassManager\\recoverPass.php on line 75, referer: http://localhost/PassManager/forget.php
[Sun Apr 28 06:24:19.402058 2024] [php:warn] [pid 9564:tid 1908] [client ::1:49155] PHP Warning:  Undefined array key "pin" in D:\\xamp\\htdocs\\PassManager\\recoverPass.php on line 76, referer: http://localhost/PassManager/forget.php
[Sun Apr 28 06:24:28.668014 2024] [php:warn] [pid 9564:tid 1908] [client ::1:49352] PHP Warning:  Undefined array key "email" in D:\\xamp\\htdocs\\PassManager\\recoverPass.php on line 75, referer: http://localhost/PassManager/forget.php
[Sun Apr 28 06:24:28.668014 2024] [php:warn] [pid 9564:tid 1908] [client ::1:49352] PHP Warning:  Undefined array key "pin" in D:\\xamp\\htdocs\\PassManager\\recoverPass.php on line 76, referer: http://localhost/PassManager/forget.php
[Sun Apr 28 06:24:37.274459 2024] [php:warn] [pid 9564:tid 1908] [client ::1:49442] PHP Warning:  Undefined array key "email" in D:\\xamp\\htdocs\\PassManager\\recoverPass.php on line 75, referer: http://localhost/PassManager/forget.php
[Sun Apr 28 06:24:37.274459 2024] [php:warn] [pid 9564:tid 1908] [client ::1:49442] PHP Warning:  Undefined array key "pin" in D:\\xamp\\htdocs\\PassManager\\recoverPass.php on line 76, referer: http://localhost/PassManager/forget.php
[Sun Apr 28 06:25:17.932824 2024] [php:warn] [pid 9564:tid 1908] [client ::1:50038] PHP Warning:  Undefined array key "email" in D:\\xamp\\htdocs\\PassManager\\recoverPass.php on line 75, referer: http://localhost/PassManager/forget.php
[Sun Apr 28 06:25:17.932824 2024] [php:warn] [pid 9564:tid 1908] [client ::1:50038] PHP Warning:  Undefined array key "pin" in D:\\xamp\\htdocs\\PassManager\\recoverPass.php on line 76, referer: http://localhost/PassManager/forget.php
[Sun Apr 28 06:25:27.954205 2024] [php:warn] [pid 9564:tid 1908] [client ::1:50174] PHP Warning:  Undefined array key "email" in D:\\xamp\\htdocs\\PassManager\\recoverPass.php on line 75, referer: http://localhost/PassManager/forget.php
[Sun Apr 28 06:25:27.954205 2024] [php:warn] [pid 9564:tid 1908] [client ::1:50174] PHP Warning:  Undefined array key "pin" in D:\\xamp\\htdocs\\PassManager\\recoverPass.php on line 76, referer: http://localhost/PassManager/forget.php
[Sun Apr 28 06:25:46.628755 2024] [php:warn] [pid 9564:tid 1908] [client ::1:50520] PHP Warning:  Undefined array key "email" in D:\\xamp\\htdocs\\PassManager\\recoverPass.php on line 75, referer: http://localhost/PassManager/forget.php
[Sun Apr 28 06:25:46.628755 2024] [php:warn] [pid 9564:tid 1908] [client ::1:50520] PHP Warning:  Undefined array key "pin" in D:\\xamp\\htdocs\\PassManager\\recoverPass.php on line 76, referer: http://localhost/PassManager/forget.php
[Sun Apr 28 06:26:48.405283 2024] [php:warn] [pid 9564:tid 1908] [client ::1:51288] PHP Warning:  Undefined array key "email" in D:\\xamp\\htdocs\\PassManager\\recoverPass.php on line 75, referer: http://localhost/PassManager/forget.php
[Sun Apr 28 06:26:48.406269 2024] [php:warn] [pid 9564:tid 1908] [client ::1:51288] PHP Warning:  Undefined array key "pin" in D:\\xamp\\htdocs\\PassManager\\recoverPass.php on line 76, referer: http://localhost/PassManager/forget.php
[Sun Apr 28 06:27:00.565486 2024] [php:warn] [pid 9564:tid 1908] [client ::1:51437] PHP Warning:  Undefined array key "email" in D:\\xamp\\htdocs\\PassManager\\recoverPass.php on line 75, referer: http://localhost/PassManager/forget.php
[Sun Apr 28 06:27:00.565486 2024] [php:warn] [pid 9564:tid 1908] [client ::1:51437] PHP Warning:  Undefined array key "pin" in D:\\xamp\\htdocs\\PassManager\\recoverPass.php on line 76, referer: http://localhost/PassManager/forget.php
[Sun Apr 28 06:28:17.669772 2024] [php:warn] [pid 9564:tid 1908] [client ::1:52584] PHP Warning:  Undefined array key "email" in D:\\xamp\\htdocs\\PassManager\\recoverPass.php on line 75, referer: http://localhost/PassManager/forget.php
[Sun Apr 28 06:28:17.669772 2024] [php:warn] [pid 9564:tid 1908] [client ::1:52584] PHP Warning:  Undefined array key "pin" in D:\\xamp\\htdocs\\PassManager\\recoverPass.php on line 76, referer: http://localhost/PassManager/forget.php
[Sun Apr 28 06:28:56.790296 2024] [php:warn] [pid 9564:tid 1908] [client ::1:53146] PHP Warning:  Undefined array key "email" in D:\\xamp\\htdocs\\PassManager\\recoverPass.php on line 75, referer: http://localhost/PassManager/forget.php
[Sun Apr 28 06:28:56.790296 2024] [php:warn] [pid 9564:tid 1908] [client ::1:53146] PHP Warning:  Undefined array key "pin" in D:\\xamp\\htdocs\\PassManager\\recoverPass.php on line 76, referer: http://localhost/PassManager/forget.php
[Sun Apr 28 06:29:14.475540 2024] [php:warn] [pid 9564:tid 1908] [client ::1:53423] PHP Warning:  Undefined array key "email" in D:\\xamp\\htdocs\\PassManager\\recoverPass.php on line 75, referer: http://localhost/PassManager/forget.php
[Sun Apr 28 06:29:14.475540 2024] [php:warn] [pid 9564:tid 1908] [client ::1:53423] PHP Warning:  Undefined array key "pin" in D:\\xamp\\htdocs\\PassManager\\recoverPass.php on line 76, referer: http://localhost/PassManager/forget.php
[Sun Apr 28 06:29:36.071063 2024] [php:warn] [pid 9564:tid 1908] [client ::1:53702] PHP Warning:  Undefined array key "email" in D:\\xamp\\htdocs\\PassManager\\recoverPass.php on line 75, referer: http://localhost/PassManager/forget.php
[Sun Apr 28 06:29:36.071063 2024] [php:warn] [pid 9564:tid 1908] [client ::1:53702] PHP Warning:  Undefined array key "pin" in D:\\xamp\\htdocs\\PassManager\\recoverPass.php on line 76, referer: http://localhost/PassManager/forget.php
[Sun Apr 28 06:29:56.351077 2024] [php:warn] [pid 9564:tid 1908] [client ::1:53972] PHP Warning:  Undefined array key "email" in D:\\xamp\\htdocs\\PassManager\\recoverPass.php on line 75, referer: http://localhost/PassManager/forget.php
[Sun Apr 28 06:29:56.351077 2024] [php:warn] [pid 9564:tid 1908] [client ::1:53972] PHP Warning:  Undefined array key "pin" in D:\\xamp\\htdocs\\PassManager\\recoverPass.php on line 76, referer: http://localhost/PassManager/forget.php
[Sun Apr 28 06:46:58.539799 2024] [php:error] [pid 9564:tid 1908] [client ::1:52238] PHP Fatal error:  Uncaught mysqli_sql_exception: You have an error in your SQL syntax; check the manual that corresponds to your MariaDB server version for the right syntax to use near '@gmail.com, md5(z@gmail.com))' at line 2 in D:\\xamp\\htdocs\\PassManager\\authSignup.php:42\nStack trace:\n#0 D:\\xamp\\htdocs\\PassManager\\authSignup.php(42): mysqli->query('INSERT INTO use...')\n#1 {main}\n  thrown in D:\\xamp\\htdocs\\PassManager\\authSignup.php on line 42, referer: http://localhost/PassManager/signup.php
[Sun Apr 28 06:51:11.021010 2024] [php:error] [pid 9564:tid 1908] [client ::1:55270] PHP Fatal error:  Uncaught mysqli_sql_exception: You have an error in your SQL syntax; check the manual that corresponds to your MariaDB server version for the right syntax to use near '@gmail.com, md5('z@gmail.com'))' at line 2 in D:\\xamp\\htdocs\\PassManager\\authSignup.php:42\nStack trace:\n#0 D:\\xamp\\htdocs\\PassManager\\authSignup.php(42): mysqli->query('INSERT INTO use...')\n#1 {main}\n  thrown in D:\\xamp\\htdocs\\PassManager\\authSignup.php on line 42, referer: http://localhost/PassManager/signup.php
[Sun Apr 28 06:51:12.208155 2024] [php:error] [pid 9564:tid 1908] [client ::1:55270] PHP Fatal error:  Uncaught mysqli_sql_exception: You have an error in your SQL syntax; check the manual that corresponds to your MariaDB server version for the right syntax to use near '@gmail.com, md5('z@gmail.com'))' at line 2 in D:\\xamp\\htdocs\\PassManager\\authSignup.php:42\nStack trace:\n#0 D:\\xamp\\htdocs\\PassManager\\authSignup.php(42): mysqli->query('INSERT INTO use...')\n#1 {main}\n  thrown in D:\\xamp\\htdocs\\PassManager\\authSignup.php on line 42, referer: http://localhost/PassManager/signup.php
[Sun Apr 28 06:51:12.366917 2024] [php:error] [pid 9564:tid 1908] [client ::1:55270] PHP Fatal error:  Uncaught mysqli_sql_exception: You have an error in your SQL syntax; check the manual that corresponds to your MariaDB server version for the right syntax to use near '@gmail.com, md5('z@gmail.com'))' at line 2 in D:\\xamp\\htdocs\\PassManager\\authSignup.php:42\nStack trace:\n#0 D:\\xamp\\htdocs\\PassManager\\authSignup.php(42): mysqli->query('INSERT INTO use...')\n#1 {main}\n  thrown in D:\\xamp\\htdocs\\PassManager\\authSignup.php on line 42, referer: http://localhost/PassManager/signup.php
[Sun Apr 28 06:51:12.509698 2024] [php:error] [pid 9564:tid 1908] [client ::1:55270] PHP Fatal error:  Uncaught mysqli_sql_exception: You have an error in your SQL syntax; check the manual that corresponds to your MariaDB server version for the right syntax to use near '@gmail.com, md5('z@gmail.com'))' at line 2 in D:\\xamp\\htdocs\\PassManager\\authSignup.php:42\nStack trace:\n#0 D:\\xamp\\htdocs\\PassManager\\authSignup.php(42): mysqli->query('INSERT INTO use...')\n#1 {main}\n  thrown in D:\\xamp\\htdocs\\PassManager\\authSignup.php on line 42, referer: http://localhost/PassManager/signup.php
[Sun Apr 28 06:51:12.613568 2024] [php:error] [pid 9564:tid 1908] [client ::1:55270] PHP Fatal error:  Uncaught mysqli_sql_exception: You have an error in your SQL syntax; check the manual that corresponds to your MariaDB server version for the right syntax to use near '@gmail.com, md5('z@gmail.com'))' at line 2 in D:\\xamp\\htdocs\\PassManager\\authSignup.php:42\nStack trace:\n#0 D:\\xamp\\htdocs\\PassManager\\authSignup.php(42): mysqli->query('INSERT INTO use...')\n#1 {main}\n  thrown in D:\\xamp\\htdocs\\PassManager\\authSignup.php on line 42, referer: http://localhost/PassManager/signup.php
[Sun Apr 28 06:51:12.716057 2024] [php:error] [pid 9564:tid 1908] [client ::1:55270] PHP Fatal error:  Uncaught mysqli_sql_exception: You have an error in your SQL syntax; check the manual that corresponds to your MariaDB server version for the right syntax to use near '@gmail.com, md5('z@gmail.com'))' at line 2 in D:\\xamp\\htdocs\\PassManager\\authSignup.php:42\nStack trace:\n#0 D:\\xamp\\htdocs\\PassManager\\authSignup.php(42): mysqli->query('INSERT INTO use...')\n#1 {main}\n  thrown in D:\\xamp\\htdocs\\PassManager\\authSignup.php on line 42, referer: http://localhost/PassManager/signup.php
[Sun Apr 28 06:51:12.855995 2024] [php:error] [pid 9564:tid 1908] [client ::1:55270] PHP Fatal error:  Uncaught mysqli_sql_exception: You have an error in your SQL syntax; check the manual that corresponds to your MariaDB server version for the right syntax to use near '@gmail.com, md5('z@gmail.com'))' at line 2 in D:\\xamp\\htdocs\\PassManager\\authSignup.php:42\nStack trace:\n#0 D:\\xamp\\htdocs\\PassManager\\authSignup.php(42): mysqli->query('INSERT INTO use...')\n#1 {main}\n  thrown in D:\\xamp\\htdocs\\PassManager\\authSignup.php on line 42, referer: http://localhost/PassManager/signup.php
[Sun Apr 28 06:51:13.002745 2024] [php:error] [pid 9564:tid 1908] [client ::1:55270] PHP Fatal error:  Uncaught mysqli_sql_exception: You have an error in your SQL syntax; check the manual that corresponds to your MariaDB server version for the right syntax to use near '@gmail.com, md5('z@gmail.com'))' at line 2 in D:\\xamp\\htdocs\\PassManager\\authSignup.php:42\nStack trace:\n#0 D:\\xamp\\htdocs\\PassManager\\authSignup.php(42): mysqli->query('INSERT INTO use...')\n#1 {main}\n  thrown in D:\\xamp\\htdocs\\PassManager\\authSignup.php on line 42, referer: http://localhost/PassManager/signup.php
[Sun Apr 28 06:51:13.074534 2024] [php:error] [pid 9564:tid 1908] [client ::1:55270] PHP Fatal error:  Uncaught mysqli_sql_exception: You have an error in your SQL syntax; check the manual that corresponds to your MariaDB server version for the right syntax to use near '@gmail.com, md5('z@gmail.com'))' at line 2 in D:\\xamp\\htdocs\\PassManager\\authSignup.php:42\nStack trace:\n#0 D:\\xamp\\htdocs\\PassManager\\authSignup.php(42): mysqli->query('INSERT INTO use...')\n#1 {main}\n  thrown in D:\\xamp\\htdocs\\PassManager\\authSignup.php on line 42, referer: http://localhost/PassManager/signup.php
[Sun Apr 28 06:51:13.185947 2024] [php:error] [pid 9564:tid 1908] [client ::1:55270] PHP Fatal error:  Uncaught mysqli_sql_exception: You have an error in your SQL syntax; check the manual that corresponds to your MariaDB server version for the right syntax to use near '@gmail.com, md5('z@gmail.com'))' at line 2 in D:\\xamp\\htdocs\\PassManager\\authSignup.php:42\nStack trace:\n#0 D:\\xamp\\htdocs\\PassManager\\authSignup.php(42): mysqli->query('INSERT INTO use...')\n#1 {main}\n  thrown in D:\\xamp\\htdocs\\PassManager\\authSignup.php on line 42, referer: http://localhost/PassManager/signup.php
[Sun Apr 28 06:51:13.319575 2024] [php:error] [pid 9564:tid 1908] [client ::1:55270] PHP Fatal error:  Uncaught mysqli_sql_exception: You have an error in your SQL syntax; check the manual that corresponds to your MariaDB server version for the right syntax to use near '@gmail.com, md5('z@gmail.com'))' at line 2 in D:\\xamp\\htdocs\\PassManager\\authSignup.php:42\nStack trace:\n#0 D:\\xamp\\htdocs\\PassManager\\authSignup.php(42): mysqli->query('INSERT INTO use...')\n#1 {main}\n  thrown in D:\\xamp\\htdocs\\PassManager\\authSignup.php on line 42, referer: http://localhost/PassManager/signup.php
[Sun Apr 28 06:51:13.431392 2024] [php:error] [pid 9564:tid 1908] [client ::1:55270] PHP Fatal error:  Uncaught mysqli_sql_exception: You have an error in your SQL syntax; check the manual that corresponds to your MariaDB server version for the right syntax to use near '@gmail.com, md5('z@gmail.com'))' at line 2 in D:\\xamp\\htdocs\\PassManager\\authSignup.php:42\nStack trace:\n#0 D:\\xamp\\htdocs\\PassManager\\authSignup.php(42): mysqli->query('INSERT INTO use...')\n#1 {main}\n  thrown in D:\\xamp\\htdocs\\PassManager\\authSignup.php on line 42, referer: http://localhost/PassManager/signup.php
[Sun Apr 28 06:51:13.544543 2024] [php:error] [pid 9564:tid 1908] [client ::1:55270] PHP Fatal error:  Uncaught mysqli_sql_exception: You have an error in your SQL syntax; check the manual that corresponds to your MariaDB server version for the right syntax to use near '@gmail.com, md5('z@gmail.com'))' at line 2 in D:\\xamp\\htdocs\\PassManager\\authSignup.php:42\nStack trace:\n#0 D:\\xamp\\htdocs\\PassManager\\authSignup.php(42): mysqli->query('INSERT INTO use...')\n#1 {main}\n  thrown in D:\\xamp\\htdocs\\PassManager\\authSignup.php on line 42, referer: http://localhost/PassManager/signup.php
[Sun Apr 28 07:19:25.337497 2024] [php:error] [pid 9564:tid 1888] [client ::1:60973] PHP Fatal error:  Uncaught Error: Undefined constant "password" in D:\\xamp\\htdocs\\PassManager\\authSignup.php:38\nStack trace:\n#0 {main}\n  thrown in D:\\xamp\\htdocs\\PassManager\\authSignup.php on line 38, referer: http://localhost/PassManager/signup.php
[Sun Apr 28 07:23:25.163214 2024] [php:error] [pid 9564:tid 1896] [client ::1:64399] PHP Fatal error:  Uncaught Error: Undefined constant "password" in D:\\xamp\\htdocs\\PassManager\\authSignup.php:34\nStack trace:\n#0 {main}\n  thrown in D:\\xamp\\htdocs\\PassManager\\authSignup.php on line 34, referer: http://localhost/PassManager/signup.php
[Sun Apr 28 07:30:41.770631 2024] [php:error] [pid 9564:tid 1888] [client ::1:54478] PHP Fatal error:  Uncaught mysqli_sql_exception: You have an error in your SQL syntax; check the manual that corresponds to your MariaDB server version for the right syntax to use near ')' at line 1 in D:\\xamp\\htdocs\\PassManager\\auth.php:32\nStack trace:\n#0 D:\\xamp\\htdocs\\PassManager\\auth.php(32): mysqli->query('SELECT * FROM u...')\n#1 {main}\n  thrown in D:\\xamp\\htdocs\\PassManager\\auth.php on line 32, referer: http://localhost/PassManager/login.php
[Sun Apr 28 07:31:31.487625 2024] [php:error] [pid 9564:tid 1888] [client ::1:55101] PHP Fatal error:  Uncaught mysqli_sql_exception: Unknown column '4792288c52b743cc416673a1ed3bb0df' in 'where clause' in D:\\xamp\\htdocs\\PassManager\\auth.php:32\nStack trace:\n#0 D:\\xamp\\htdocs\\PassManager\\auth.php(32): mysqli->query('SELECT * FROM u...')\n#1 {main}\n  thrown in D:\\xamp\\htdocs\\PassManager\\auth.php on line 32, referer: http://localhost/PassManager/login.php
[Sun Apr 28 09:05:41.905339 2024] [php:error] [pid 9564:tid 1924] [client ::1:58623] PHP Fatal error:  Uncaught Error: Call to undefined function msqli_stmt_init() in D:\\xamp\\htdocs\\PassManager\\auth.php:23\nStack trace:\n#0 {main}\n  thrown in D:\\xamp\\htdocs\\PassManager\\auth.php on line 23, referer: http://localhost/PassManager/login.php
[Sun Apr 28 09:07:42.467059 2024] [php:error] [pid 9564:tid 1924] [client ::1:60158] PHP Fatal error:  Uncaught Error: Call to undefined function msqli_stmt_init() in D:\\xamp\\htdocs\\PassManager\\auth.php:23\nStack trace:\n#0 {main}\n  thrown in D:\\xamp\\htdocs\\PassManager\\auth.php on line 23, referer: http://localhost/PassManager/login.php
[Sun Apr 28 09:07:43.360654 2024] [php:error] [pid 9564:tid 1924] [client ::1:60158] PHP Fatal error:  Uncaught Error: Call to undefined function msqli_stmt_init() in D:\\xamp\\htdocs\\PassManager\\auth.php:23\nStack trace:\n#0 {main}\n  thrown in D:\\xamp\\htdocs\\PassManager\\auth.php on line 23, referer: http://localhost/PassManager/login.php
[Sun Apr 28 09:07:43.528421 2024] [php:error] [pid 9564:tid 1924] [client ::1:60158] PHP Fatal error:  Uncaught Error: Call to undefined function msqli_stmt_init() in D:\\xamp\\htdocs\\PassManager\\auth.php:23\nStack trace:\n#0 {main}\n  thrown in D:\\xamp\\htdocs\\PassManager\\auth.php on line 23, referer: http://localhost/PassManager/login.php
[Sun Apr 28 09:07:43.662129 2024] [php:error] [pid 9564:tid 1924] [client ::1:60158] PHP Fatal error:  Uncaught Error: Call to undefined function msqli_stmt_init() in D:\\xamp\\htdocs\\PassManager\\auth.php:23\nStack trace:\n#0 {main}\n  thrown in D:\\xamp\\htdocs\\PassManager\\auth.php on line 23, referer: http://localhost/PassManager/login.php
[Sun Apr 28 09:08:05.960983 2024] [php:error] [pid 9564:tid 1924] [client ::1:60419] PHP Fatal error:  Uncaught Error: Call to undefined function msqli_stmt_init() in D:\\xamp\\htdocs\\PassManager\\auth.php:23\nStack trace:\n#0 {main}\n  thrown in D:\\xamp\\htdocs\\PassManager\\auth.php on line 23, referer: http://localhost/PassManager/login.php
[Sun Apr 28 09:08:13.132427 2024] [php:error] [pid 9564:tid 1924] [client ::1:60419] PHP Fatal error:  Uncaught Error: Call to undefined function msqli_stmt_init() in D:\\xamp\\htdocs\\PassManager\\auth.php:23\nStack trace:\n#0 {main}\n  thrown in D:\\xamp\\htdocs\\PassManager\\auth.php on line 23, referer: http://localhost/PassManager/login.php
[Sun Apr 28 09:09:59.064760 2024] [php:error] [pid 9564:tid 1924] [client ::1:61829] PHP Fatal error:  Uncaught Error: Call to undefined function msqli_stmt_init() in D:\\xamp\\htdocs\\PassManager\\auth.php:23\nStack trace:\n#0 {main}\n  thrown in D:\\xamp\\htdocs\\PassManager\\auth.php on line 23, referer: http://localhost/PassManager/login.php
[Sun Apr 28 09:09:59.728026 2024] [php:error] [pid 9564:tid 1924] [client ::1:61829] PHP Fatal error:  Uncaught Error: Call to undefined function msqli_stmt_init() in D:\\xamp\\htdocs\\PassManager\\auth.php:23\nStack trace:\n#0 {main}\n  thrown in D:\\xamp\\htdocs\\PassManager\\auth.php on line 23, referer: http://localhost/PassManager/login.php
[Sun Apr 28 09:09:59.871290 2024] [php:error] [pid 9564:tid 1924] [client ::1:61829] PHP Fatal error:  Uncaught Error: Call to undefined function msqli_stmt_init() in D:\\xamp\\htdocs\\PassManager\\auth.php:23\nStack trace:\n#0 {main}\n  thrown in D:\\xamp\\htdocs\\PassManager\\auth.php on line 23, referer: http://localhost/PassManager/login.php
[Sun Apr 28 09:10:00.035793 2024] [php:error] [pid 9564:tid 1924] [client ::1:61829] PHP Fatal error:  Uncaught Error: Call to undefined function msqli_stmt_init() in D:\\xamp\\htdocs\\PassManager\\auth.php:23\nStack trace:\n#0 {main}\n  thrown in D:\\xamp\\htdocs\\PassManager\\auth.php on line 23, referer: http://localhost/PassManager/login.php
[Sun Apr 28 09:10:09.723269 2024] [php:error] [pid 9564:tid 1924] [client ::1:61966] PHP Fatal error:  Uncaught Error: Call to undefined function msqli_stmt_init() in D:\\xamp\\htdocs\\PassManager\\auth.php:23\nStack trace:\n#0 {main}\n  thrown in D:\\xamp\\htdocs\\PassManager\\auth.php on line 23, referer: http://localhost/PassManager/login.php
[Sun Apr 28 09:12:50.011269 2024] [php:error] [pid 9564:tid 1924] [client ::1:64107] PHP Fatal error:  Uncaught Error: Call to undefined function msqli_stmt_init() in D:\\xamp\\htdocs\\PassManager\\auth.php:27\nStack trace:\n#0 {main}\n  thrown in D:\\xamp\\htdocs\\PassManager\\auth.php on line 27, referer: http://localhost/PassManager/login.php
[Sun Apr 28 09:12:51.093714 2024] [php:error] [pid 9564:tid 1924] [client ::1:64107] PHP Fatal error:  Uncaught Error: Call to undefined function msqli_stmt_init() in D:\\xamp\\htdocs\\PassManager\\auth.php:27\nStack trace:\n#0 {main}\n  thrown in D:\\xamp\\htdocs\\PassManager\\auth.php on line 27, referer: http://localhost/PassManager/login.php
[Sun Apr 28 09:12:51.244563 2024] [php:error] [pid 9564:tid 1924] [client ::1:64107] PHP Fatal error:  Uncaught Error: Call to undefined function msqli_stmt_init() in D:\\xamp\\htdocs\\PassManager\\auth.php:27\nStack trace:\n#0 {main}\n  thrown in D:\\xamp\\htdocs\\PassManager\\auth.php on line 27, referer: http://localhost/PassManager/login.php
[Sun Apr 28 09:12:51.375683 2024] [php:error] [pid 9564:tid 1924] [client ::1:64107] PHP Fatal error:  Uncaught Error: Call to undefined function msqli_stmt_init() in D:\\xamp\\htdocs\\PassManager\\auth.php:27\nStack trace:\n#0 {main}\n  thrown in D:\\xamp\\htdocs\\PassManager\\auth.php on line 27, referer: http://localhost/PassManager/login.php
[Sun Apr 28 09:12:51.507956 2024] [php:error] [pid 9564:tid 1924] [client ::1:64107] PHP Fatal error:  Uncaught Error: Call to undefined function msqli_stmt_init() in D:\\xamp\\htdocs\\PassManager\\auth.php:27\nStack trace:\n#0 {main}\n  thrown in D:\\xamp\\htdocs\\PassManager\\auth.php on line 27, referer: http://localhost/PassManager/login.php
[Sun Apr 28 09:12:51.629798 2024] [php:error] [pid 9564:tid 1924] [client ::1:64107] PHP Fatal error:  Uncaught Error: Call to undefined function msqli_stmt_init() in D:\\xamp\\htdocs\\PassManager\\auth.php:27\nStack trace:\n#0 {main}\n  thrown in D:\\xamp\\htdocs\\PassManager\\auth.php on line 27, referer: http://localhost/PassManager/login.php
[Sun Apr 28 09:12:58.493425 2024] [php:error] [pid 9564:tid 1924] [client ::1:64218] PHP Fatal error:  Uncaught Error: Call to undefined function msqli_stmt_init() in D:\\xamp\\htdocs\\PassManager\\auth.php:26\nStack trace:\n#0 {main}\n  thrown in D:\\xamp\\htdocs\\PassManager\\auth.php on line 26, referer: http://localhost/PassManager/login.php
[Sun Apr 28 09:15:47.549183 2024] [php:error] [pid 9564:tid 1924] [client ::1:50080] PHP Fatal error:  Uncaught Error: Call to undefined function msqli_stmt_init() in D:\\xamp\\htdocs\\PassManager\\auth.php:26\nStack trace:\n#0 {main}\n  thrown in D:\\xamp\\htdocs\\PassManager\\auth.php on line 26, referer: http://localhost/PassManager/login.php
[Sun Apr 28 09:15:48.215696 2024] [php:error] [pid 9564:tid 1924] [client ::1:50080] PHP Fatal error:  Uncaught Error: Call to undefined function msqli_stmt_init() in D:\\xamp\\htdocs\\PassManager\\auth.php:26\nStack trace:\n#0 {main}\n  thrown in D:\\xamp\\htdocs\\PassManager\\auth.php on line 26, referer: http://localhost/PassManager/login.php
[Sun Apr 28 09:15:48.366736 2024] [php:error] [pid 9564:tid 1924] [client ::1:50080] PHP Fatal error:  Uncaught Error: Call to undefined function msqli_stmt_init() in D:\\xamp\\htdocs\\PassManager\\auth.php:26\nStack trace:\n#0 {main}\n  thrown in D:\\xamp\\htdocs\\PassManager\\auth.php on line 26, referer: http://localhost/PassManager/login.php
[Sun Apr 28 09:15:48.527004 2024] [php:error] [pid 9564:tid 1924] [client ::1:50080] PHP Fatal error:  Uncaught Error: Call to undefined function msqli_stmt_init() in D:\\xamp\\htdocs\\PassManager\\auth.php:26\nStack trace:\n#0 {main}\n  thrown in D:\\xamp\\htdocs\\PassManager\\auth.php on line 26, referer: http://localhost/PassManager/login.php
[Sun Apr 28 09:16:45.892304 2024] [php:error] [pid 9564:tid 1924] [client ::1:50753] PHP Fatal error:  Uncaught Error: Call to undefined function msqli_stmt_prepare() in D:\\xamp\\htdocs\\PassManager\\auth.php:29\nStack trace:\n#0 {main}\n  thrown in D:\\xamp\\htdocs\\PassManager\\auth.php on line 29, referer: http://localhost/PassManager/login.php
[Sun Apr 28 09:18:37.018626 2024] [php:error] [pid 9564:tid 1924] [client ::1:52144] PHP Fatal error:  Uncaught Error: Call to undefined function msqli_stmt_init() in D:\\xamp\\htdocs\\PassManager\\auth.php:26\nStack trace:\n#0 {main}\n  thrown in D:\\xamp\\htdocs\\PassManager\\auth.php on line 26, referer: http://localhost/PassManager/login.php
[Sun Apr 28 09:18:39.334310 2024] [php:error] [pid 9564:tid 1924] [client ::1:52144] PHP Fatal error:  Uncaught Error: Call to undefined function msqli_stmt_init() in D:\\xamp\\htdocs\\PassManager\\auth.php:26\nStack trace:\n#0 {main}\n  thrown in D:\\xamp\\htdocs\\PassManager\\auth.php on line 26, referer: http://localhost/PassManager/login.php
[Sun Apr 28 09:35:48.142146 2024] [php:error] [pid 9564:tid 1924] [client ::1:49209] PHP Fatal error:  Uncaught mysqli_sql_exception: You have an error in your SQL syntax; check the manual that corresponds to your MariaDB server version for the right syntax to use near ''?)' at line 1 in D:\\xamp\\htdocs\\PassManager\\authSignup.php:34\nStack trace:\n#0 D:\\xamp\\htdocs\\PassManager\\authSignup.php(34): mysqli->prepare('INSERT INTO use...')\n#1 {main}\n  thrown in D:\\xamp\\htdocs\\PassManager\\authSignup.php on line 34, referer: http://localhost/PassManager/signup.php
[Sun Apr 28 09:43:23.083483 2024] [php:error] [pid 9564:tid 1924] [client ::1:55627] PHP Fatal error:  Uncaught ArgumentCountError: The number of elements in the type definition string must match the number of bind variables in D:\\xamp\\htdocs\\PassManager\\authRecover.php:30\nStack trace:\n#0 D:\\xamp\\htdocs\\PassManager\\authRecover.php(30): mysqli_stmt->bind_param('sss', '', 11)\n#1 {main}\n  thrown in D:\\xamp\\htdocs\\PassManager\\authRecover.php on line 30, referer: http://localhost/PassManager/recoverPass.php
[Sun Apr 28 09:44:48.963288 2024] [php:error] [pid 9564:tid 1924] [client ::1:56797] PHP Fatal error:  Uncaught ArgumentCountError: The number of elements in the type definition string must match the number of bind variables in D:\\xamp\\htdocs\\PassManager\\authRecover.php:30\nStack trace:\n#0 D:\\xamp\\htdocs\\PassManager\\authRecover.php(30): mysqli_stmt->bind_param('sss', '', 1)\n#1 {main}\n  thrown in D:\\xamp\\htdocs\\PassManager\\authRecover.php on line 30, referer: http://localhost/PassManager/recoverPass.php
[Sun Apr 28 09:50:33.277105 2024] [php:error] [pid 9564:tid 1924] [client ::1:61968] PHP Fatal error:  Uncaught mysqli_sql_exception: You have an error in your SQL syntax; check the manual that corresponds to your MariaDB server version for the right syntax to use near '`pin= ? WHERE user_id = ?' at line 1 in D:\\xamp\\htdocs\\PassManager\\authForget.php:29\nStack trace:\n#0 D:\\xamp\\htdocs\\PassManager\\authForget.php(29): mysqli->prepare('UPDATE user SET...')\n#1 {main}\n  thrown in D:\\xamp\\htdocs\\PassManager\\authForget.php on line 29, referer: http://localhost/PassManager/forget.php
[Sat May 18 22:03:48.258277 2024] [ssl:warn] [pid 4644:tid 380] AH01909: www.example.com:443:0 server certificate does NOT include an ID which matches the server name
[Sat May 18 22:03:48.290569 2024] [core:warn] [pid 4644:tid 380] AH00098: pid file D:/xamp/apache/logs/httpd.pid overwritten -- Unclean shutdown of previous Apache run?
[Sat May 18 22:03:48.292566 2024] [ssl:warn] [pid 4644:tid 380] AH01909: www.example.com:443:0 server certificate does NOT include an ID which matches the server name
[Sat May 18 22:03:48.736780 2024] [mpm_winnt:notice] [pid 4644:tid 380] AH00455: Apache/2.4.58 (Win64) OpenSSL/3.1.3 PHP/8.2.12 configured -- resuming normal operations
[Sat May 18 22:03:48.736780 2024] [mpm_winnt:notice] [pid 4644:tid 380] AH00456: Apache Lounge VS17 Server built: Oct 18 2023 13:03:18
[Sat May 18 22:03:48.736780 2024] [core:notice] [pid 4644:tid 380] AH00094: Command line: 'd:\\xamp\\apache\\bin\\httpd.exe -d D:/xamp/apache'
[Sat May 18 22:03:48.740770 2024] [mpm_winnt:notice] [pid 4644:tid 380] AH00418: Parent: Created child process 12376
[Sat May 18 22:03:48.983121 2024] [ssl:warn] [pid 12376:tid 364] AH01909: www.example.com:443:0 server certificate does NOT include an ID which matches the server name
[Sat May 18 22:03:49.007057 2024] [ssl:warn] [pid 12376:tid 364] AH01909: www.example.com:443:0 server certificate does NOT include an ID which matches the server name
[Sat May 18 22:03:49.036978 2024] [mpm_winnt:notice] [pid 12376:tid 364] AH00354: Child: Starting 150 worker threads.
[Sat May 18 22:04:07.359956 2024] [php:warn] [pid 12376:tid 1900] [client ::1:57923] PHP Warning:  Undefined array key "username" in D:\\xamp\\htdocs\\PassManager\\auth.php on line 21
[Sat May 18 22:04:07.359956 2024] [php:warn] [pid 12376:tid 1900] [client ::1:57923] PHP Warning:  Undefined array key "password" in D:\\xamp\\htdocs\\PassManager\\auth.php on line 22
[Sat May 18 23:32:45.470450 2024] [php:warn] [pid 12376:tid 1876] [client ::1:57016] PHP Warning:  Undefined array key "username" in D:\\xamp\\htdocs\\PassManager\\auth.php on line 21, referer: http://localhost/PassManager/admin.php
[Sat May 18 23:32:45.470450 2024] [php:warn] [pid 12376:tid 1876] [client ::1:57016] PHP Warning:  Undefined array key "password" in D:\\xamp\\htdocs\\PassManager\\auth.php on line 22, referer: http://localhost/PassManager/admin.php
[Sat May 18 23:32:48.514704 2024] [php:warn] [pid 12376:tid 1876] [client ::1:57016] PHP Warning:  Undefined array key "username" in D:\\xamp\\htdocs\\PassManager\\auth.php on line 21, referer: http://localhost/PassManager/admin.php
[Sat May 18 23:32:48.514704 2024] [php:warn] [pid 12376:tid 1876] [client ::1:57016] PHP Warning:  Undefined array key "password" in D:\\xamp\\htdocs\\PassManager\\auth.php on line 22, referer: http://localhost/PassManager/admin.php
[Sat May 18 23:32:59.896977 2024] [php:warn] [pid 12376:tid 1876] [client ::1:57209] PHP Warning:  Undefined array key "username" in D:\\xamp\\htdocs\\PassManager\\auth.php on line 21, referer: http://localhost/PassManager/admin.php
[Sat May 18 23:32:59.896977 2024] [php:warn] [pid 12376:tid 1876] [client ::1:57209] PHP Warning:  Undefined array key "password" in D:\\xamp\\htdocs\\PassManager\\auth.php on line 22, referer: http://localhost/PassManager/admin.php
[Sun May 19 00:27:53.796880 2024] [php:warn] [pid 12376:tid 1876] [client ::1:51675] PHP Warning:  Undefined array key "username" in D:\\xamp\\htdocs\\PassManager\\addNewCar.php on line 19, referer: http://localhost/PassManager/admin.php
[Sun May 19 00:27:53.796880 2024] [php:warn] [pid 12376:tid 1876] [client ::1:51675] PHP Warning:  Undefined array key "email" in D:\\xamp\\htdocs\\PassManager\\addNewCar.php on line 20, referer: http://localhost/PassManager/admin.php
[Sun May 19 00:30:13.363364 2024] [php:error] [pid 12376:tid 1864] [client ::1:53867] PHP Fatal error:  Uncaught mysqli_sql_exception: You have an error in your SQL syntax; check the manual that corresponds to your MariaDB server version for the right syntax to use near 'stock, `type`) VALUES (?, ?, ?, ?, ?)' at line 1 in D:\\xamp\\htdocs\\PassManager\\addNewCar.php:29\nStack trace:\n#0 D:\\xamp\\htdocs\\PassManager\\addNewCar.php(29): mysqli->prepare('INSERT INTO car...')\n#1 {main}\n  thrown in D:\\xamp\\htdocs\\PassManager\\addNewCar.php on line 29, referer: http://localhost/PassManager/admin.php
[Sun May 19 00:32:01.567125 2024] [php:error] [pid 12376:tid 1864] [client ::1:55252] PHP Fatal error:  Uncaught mysqli_sql_exception: You have an error in your SQL syntax; check the manual that corresponds to your MariaDB server version for the right syntax to use near 'stock, `type`) VALUES (?, ?, ?, ?, ?)' at line 1 in D:\\xamp\\htdocs\\PassManager\\addNewCar.php:34\nStack trace:\n#0 D:\\xamp\\htdocs\\PassManager\\addNewCar.php(34): mysqli->prepare('INSERT INTO car...')\n#1 {main}\n  thrown in D:\\xamp\\htdocs\\PassManager\\addNewCar.php on line 34, referer: http://localhost/PassManager/admin.php
[Sun May 19 00:32:08.923140 2024] [php:error] [pid 12376:tid 1864] [client ::1:55252] PHP Fatal error:  Uncaught mysqli_sql_exception: You have an error in your SQL syntax; check the manual that corresponds to your MariaDB server version for the right syntax to use near 'stock, `type`) VALUES (?, ?, ?, ?, ?)' at line 1 in D:\\xamp\\htdocs\\PassManager\\addNewCar.php:34\nStack trace:\n#0 D:\\xamp\\htdocs\\PassManager\\addNewCar.php(34): mysqli->prepare('INSERT INTO car...')\n#1 {main}\n  thrown in D:\\xamp\\htdocs\\PassManager\\addNewCar.php on line 34, referer: http://localhost/PassManager/admin.php
[Sun May 19 00:32:13.377671 2024] [php:error] [pid 12376:tid 1864] [client ::1:55252] PHP Fatal error:  Uncaught mysqli_sql_exception: You have an error in your SQL syntax; check the manual that corresponds to your MariaDB server version for the right syntax to use near 'stock, `type`) VALUES (?, ?, ?, ?, ?)' at line 1 in D:\\xamp\\htdocs\\PassManager\\addNewCar.php:29\nStack trace:\n#0 D:\\xamp\\htdocs\\PassManager\\addNewCar.php(29): mysqli->prepare('INSERT INTO car...')\n#1 {main}\n  thrown in D:\\xamp\\htdocs\\PassManager\\addNewCar.php on line 29, referer: http://localhost/PassManager/admin.php
[Sun May 19 00:32:18.949433 2024] [php:error] [pid 12376:tid 1864] [client ::1:55497] PHP Fatal error:  Uncaught mysqli_sql_exception: You have an error in your SQL syntax; check the manual that corresponds to your MariaDB server version for the right syntax to use near 'stock, `type`) VALUES (?, ?, ?, ?, ?)' at line 1 in D:\\xamp\\htdocs\\PassManager\\addNewCar.php:34\nStack trace:\n#0 D:\\xamp\\htdocs\\PassManager\\addNewCar.php(34): mysqli->prepare('INSERT INTO car...')\n#1 {main}\n  thrown in D:\\xamp\\htdocs\\PassManager\\addNewCar.php on line 34, referer: http://localhost/PassManager/admin.php
[Sun May 19 00:32:27.064692 2024] [php:error] [pid 12376:tid 1864] [client ::1:55624] PHP Fatal error:  Uncaught mysqli_sql_exception: You have an error in your SQL syntax; check the manual that corresponds to your MariaDB server version for the right syntax to use near 'stock, `type`) VALUES (?, ?, ?, ?, ?)' at line 1 in D:\\xamp\\htdocs\\PassManager\\addNewCar.php:29\nStack trace:\n#0 D:\\xamp\\htdocs\\PassManager\\addNewCar.php(29): mysqli->prepare('INSERT INTO car...')\n#1 {main}\n  thrown in D:\\xamp\\htdocs\\PassManager\\addNewCar.php on line 29, referer: http://localhost/PassManager/admin.php
[Sun May 19 00:33:22.121126 2024] [php:error] [pid 12376:tid 1864] [client ::1:56376] PHP Fatal error:  Uncaught mysqli_sql_exception: You have an error in your SQL syntax; check the manual that corresponds to your MariaDB server version for the right syntax to use near 'stock, `type`) VALUES (?, ?, ?, ?, ?)' at line 1 in D:\\xamp\\htdocs\\PassManager\\addNewCar.php:29\nStack trace:\n#0 D:\\xamp\\htdocs\\PassManager\\addNewCar.php(29): mysqli->prepare('INSERT INTO car...')\n#1 {main}\n  thrown in D:\\xamp\\htdocs\\PassManager\\addNewCar.php on line 29, referer: http://localhost/PassManager/admin.php
[Sun May 19 00:33:29.459786 2024] [php:error] [pid 12376:tid 1864] [client ::1:56518] PHP Fatal error:  Uncaught mysqli_sql_exception: You have an error in your SQL syntax; check the manual that corresponds to your MariaDB server version for the right syntax to use near 'stock, `type`) VALUES (?, ?, ?, ?, ?)' at line 1 in D:\\xamp\\htdocs\\PassManager\\addNewCar.php:35\nStack trace:\n#0 D:\\xamp\\htdocs\\PassManager\\addNewCar.php(35): mysqli->prepare('INSERT INTO car...')\n#1 {main}\n  thrown in D:\\xamp\\htdocs\\PassManager\\addNewCar.php on line 35, referer: http://localhost/PassManager/admin.php
[Sun May 19 00:33:33.759425 2024] [php:error] [pid 12376:tid 1864] [client ::1:56518] PHP Fatal error:  Uncaught mysqli_sql_exception: You have an error in your SQL syntax; check the manual that corresponds to your MariaDB server version for the right syntax to use near 'stock, `type`) VALUES (?, ?, ?, ?, ?)' at line 1 in D:\\xamp\\htdocs\\PassManager\\addNewCar.php:29\nStack trace:\n#0 D:\\xamp\\htdocs\\PassManager\\addNewCar.php(29): mysqli->prepare('INSERT INTO car...')\n#1 {main}\n  thrown in D:\\xamp\\htdocs\\PassManager\\addNewCar.php on line 29, referer: http://localhost/PassManager/admin.php
[Sun May 19 00:34:03.756833 2024] [php:error] [pid 12376:tid 1864] [client ::1:56955] PHP Fatal error:  Uncaught mysqli_sql_exception: You have an error in your SQL syntax; check the manual that corresponds to your MariaDB server version for the right syntax to use near 'stock, `type`) VALUES (?, ?, ?, ?, ?)' at line 1 in D:\\xamp\\htdocs\\PassManager\\addNewCar.php:29\nStack trace:\n#0 D:\\xamp\\htdocs\\PassManager\\addNewCar.php(29): mysqli->prepare('INSERT INTO car...')\n#1 {main}\n  thrown in D:\\xamp\\htdocs\\PassManager\\addNewCar.php on line 29, referer: http://localhost/PassManager/admin.php
[Sun May 19 00:38:39.101533 2024] [php:error] [pid 12376:tid 1892] [client ::1:61188] PHP Fatal error:  Uncaught ArgumentCountError: The number of elements in the type definition string must match the number of bind variables in D:\\xamp\\htdocs\\PassManager\\addNewCar.php:30\nStack trace:\n#0 D:\\xamp\\htdocs\\PassManager\\addNewCar.php(30): mysqli_stmt->bind_param('sssss', NULL, NULL, NULL, NULL, NULL, NULL)\n#1 {main}\n  thrown in D:\\xamp\\htdocs\\PassManager\\addNewCar.php on line 30, referer: http://localhost/PassManager/admin.php
[Sun May 19 00:40:22.281885 2024] [php:error] [pid 12376:tid 1864] [client ::1:62457] PHP Fatal error:  Uncaught mysqli_sql_exception: Duplicate entry '1' for key 'model' in D:\\xamp\\htdocs\\PassManager\\addNewCar.php:54\nStack trace:\n#0 D:\\xamp\\htdocs\\PassManager\\addNewCar.php(54): mysqli_stmt->execute()\n#1 {main}\n  thrown in D:\\xamp\\htdocs\\PassManager\\addNewCar.php on line 54, referer: http://localhost/PassManager/admin.php
[Sun May 19 00:42:44.055943 2024] [php:error] [pid 12376:tid 1864] [client ::1:64285] PHP Fatal error:  Uncaught mysqli_sql_exception: Duplicate entry '1' for key 'model' in D:\\xamp\\htdocs\\PassManager\\addNewCar.php:54\nStack trace:\n#0 D:\\xamp\\htdocs\\PassManager\\addNewCar.php(54): mysqli_stmt->execute()\n#1 {main}\n  thrown in D:\\xamp\\htdocs\\PassManager\\addNewCar.php on line 54, referer: http://localhost/PassManager/admin.php
[Sun May 19 00:42:52.373157 2024] [php:error] [pid 12376:tid 1864] [client ::1:64386] PHP Fatal error:  Uncaught mysqli_sql_exception: Duplicate entry '1' for key 'model' in D:\\xamp\\htdocs\\PassManager\\addNewCar.php:54\nStack trace:\n#0 D:\\xamp\\htdocs\\PassManager\\addNewCar.php(54): mysqli_stmt->execute()\n#1 {main}\n  thrown in D:\\xamp\\htdocs\\PassManager\\addNewCar.php on line 54, referer: http://localhost/PassManager/admin.php
[Sun May 19 00:42:52.511210 2024] [php:error] [pid 12376:tid 1864] [client ::1:64386] PHP Fatal error:  Uncaught mysqli_sql_exception: Duplicate entry '1' for key 'model' in D:\\xamp\\htdocs\\PassManager\\addNewCar.php:54\nStack trace:\n#0 D:\\xamp\\htdocs\\PassManager\\addNewCar.php(54): mysqli_stmt->execute()\n#1 {main}\n  thrown in D:\\xamp\\htdocs\\PassManager\\addNewCar.php on line 54, referer: http://localhost/PassManager/admin.php
[Sun May 19 00:42:52.633069 2024] [php:error] [pid 12376:tid 1864] [client ::1:64386] PHP Fatal error:  Uncaught mysqli_sql_exception: Duplicate entry '1' for key 'model' in D:\\xamp\\htdocs\\PassManager\\addNewCar.php:54\nStack trace:\n#0 D:\\xamp\\htdocs\\PassManager\\addNewCar.php(54): mysqli_stmt->execute()\n#1 {main}\n  thrown in D:\\xamp\\htdocs\\PassManager\\addNewCar.php on line 54, referer: http://localhost/PassManager/admin.php
[Sun May 19 00:42:52.744523 2024] [php:error] [pid 12376:tid 1864] [client ::1:64386] PHP Fatal error:  Uncaught mysqli_sql_exception: Duplicate entry '1' for key 'model' in D:\\xamp\\htdocs\\PassManager\\addNewCar.php:54\nStack trace:\n#0 D:\\xamp\\htdocs\\PassManager\\addNewCar.php(54): mysqli_stmt->execute()\n#1 {main}\n  thrown in D:\\xamp\\htdocs\\PassManager\\addNewCar.php on line 54, referer: http://localhost/PassManager/admin.php
[Sun May 19 00:42:52.868074 2024] [php:error] [pid 12376:tid 1864] [client ::1:64386] PHP Fatal error:  Uncaught mysqli_sql_exception: Duplicate entry '1' for key 'model' in D:\\xamp\\htdocs\\PassManager\\addNewCar.php:54\nStack trace:\n#0 D:\\xamp\\htdocs\\PassManager\\addNewCar.php(54): mysqli_stmt->execute()\n#1 {main}\n  thrown in D:\\xamp\\htdocs\\PassManager\\addNewCar.php on line 54, referer: http://localhost/PassManager/admin.php
[Sun May 19 00:42:52.984266 2024] [php:error] [pid 12376:tid 1864] [client ::1:64386] PHP Fatal error:  Uncaught mysqli_sql_exception: Duplicate entry '1' for key 'model' in D:\\xamp\\htdocs\\PassManager\\addNewCar.php:54\nStack trace:\n#0 D:\\xamp\\htdocs\\PassManager\\addNewCar.php(54): mysqli_stmt->execute()\n#1 {main}\n  thrown in D:\\xamp\\htdocs\\PassManager\\addNewCar.php on line 54, referer: http://localhost/PassManager/admin.php
[Sun May 19 00:42:53.101164 2024] [php:error] [pid 12376:tid 1864] [client ::1:64386] PHP Fatal error:  Uncaught mysqli_sql_exception: Duplicate entry '1' for key 'model' in D:\\xamp\\htdocs\\PassManager\\addNewCar.php:54\nStack trace:\n#0 D:\\xamp\\htdocs\\PassManager\\addNewCar.php(54): mysqli_stmt->execute()\n#1 {main}\n  thrown in D:\\xamp\\htdocs\\PassManager\\addNewCar.php on line 54, referer: http://localhost/PassManager/admin.php
[Sun May 19 00:42:53.233191 2024] [php:error] [pid 12376:tid 1864] [client ::1:64386] PHP Fatal error:  Uncaught mysqli_sql_exception: Duplicate entry '1' for key 'model' in D:\\xamp\\htdocs\\PassManager\\addNewCar.php:54\nStack trace:\n#0 D:\\xamp\\htdocs\\PassManager\\addNewCar.php(54): mysqli_stmt->execute()\n#1 {main}\n  thrown in D:\\xamp\\htdocs\\PassManager\\addNewCar.php on line 54, referer: http://localhost/PassManager/admin.php
[Sun May 19 00:42:53.359278 2024] [php:error] [pid 12376:tid 1864] [client ::1:64386] PHP Fatal error:  Uncaught mysqli_sql_exception: Duplicate entry '1' for key 'model' in D:\\xamp\\htdocs\\PassManager\\addNewCar.php:54\nStack trace:\n#0 D:\\xamp\\htdocs\\PassManager\\addNewCar.php(54): mysqli_stmt->execute()\n#1 {main}\n  thrown in D:\\xamp\\htdocs\\PassManager\\addNewCar.php on line 54, referer: http://localhost/PassManager/admin.php
[Sun May 19 00:42:59.795414 2024] [php:error] [pid 12376:tid 1876] [client ::1:64456] PHP Fatal error:  Uncaught mysqli_sql_exception: Duplicate entry '1' for key 'model' in D:\\xamp\\htdocs\\PassManager\\addNewCar.php:54\nStack trace:\n#0 D:\\xamp\\htdocs\\PassManager\\addNewCar.php(54): mysqli_stmt->execute()\n#1 {main}\n  thrown in D:\\xamp\\htdocs\\PassManager\\addNewCar.php on line 54, referer: http://localhost/PassManager/admin.php
[Sun May 19 00:44:37.337259 2024] [php:error] [pid 12376:tid 1876] [client ::1:49291] PHP Fatal error:  Uncaught mysqli_sql_exception: Duplicate entry '1' for key 'model' in D:\\xamp\\htdocs\\PassManager\\addNewCar.php:54\nStack trace:\n#0 D:\\xamp\\htdocs\\PassManager\\addNewCar.php(54): mysqli_stmt->execute()\n#1 {main}\n  thrown in D:\\xamp\\htdocs\\PassManager\\addNewCar.php on line 54, referer: http://localhost/PassManager/admin.php
[Sun May 19 00:45:33.848108 2024] [php:error] [pid 12376:tid 1876] [client ::1:49976] PHP Fatal error:  Uncaught mysqli_sql_exception: Duplicate entry '1' for key 'model' in D:\\xamp\\htdocs\\PassManager\\addNewCar.php:54\nStack trace:\n#0 D:\\xamp\\htdocs\\PassManager\\addNewCar.php(54): mysqli_stmt->execute()\n#1 {main}\n  thrown in D:\\xamp\\htdocs\\PassManager\\addNewCar.php on line 54, referer: http://localhost/PassManager/admin.php
[Sun May 19 00:45:34.489742 2024] [php:error] [pid 12376:tid 1876] [client ::1:49976] PHP Fatal error:  Uncaught mysqli_sql_exception: Duplicate entry '1' for key 'model' in D:\\xamp\\htdocs\\PassManager\\addNewCar.php:54\nStack trace:\n#0 D:\\xamp\\htdocs\\PassManager\\addNewCar.php(54): mysqli_stmt->execute()\n#1 {main}\n  thrown in D:\\xamp\\htdocs\\PassManager\\addNewCar.php on line 54, referer: http://localhost/PassManager/admin.php
[Sun May 19 00:45:34.667781 2024] [php:error] [pid 12376:tid 1876] [client ::1:49976] PHP Fatal error:  Uncaught mysqli_sql_exception: Duplicate entry '1' for key 'model' in D:\\xamp\\htdocs\\PassManager\\addNewCar.php:54\nStack trace:\n#0 D:\\xamp\\htdocs\\PassManager\\addNewCar.php(54): mysqli_stmt->execute()\n#1 {main}\n  thrown in D:\\xamp\\htdocs\\PassManager\\addNewCar.php on line 54, referer: http://localhost/PassManager/admin.php
[Sun May 19 00:45:34.790130 2024] [php:error] [pid 12376:tid 1876] [client ::1:49976] PHP Fatal error:  Uncaught mysqli_sql_exception: Duplicate entry '1' for key 'model' in D:\\xamp\\htdocs\\PassManager\\addNewCar.php:54\nStack trace:\n#0 D:\\xamp\\htdocs\\PassManager\\addNewCar.php(54): mysqli_stmt->execute()\n#1 {main}\n  thrown in D:\\xamp\\htdocs\\PassManager\\addNewCar.php on line 54, referer: http://localhost/PassManager/admin.php
[Sun May 19 00:45:34.913541 2024] [php:error] [pid 12376:tid 1876] [client ::1:49976] PHP Fatal error:  Uncaught mysqli_sql_exception: Duplicate entry '1' for key 'model' in D:\\xamp\\htdocs\\PassManager\\addNewCar.php:54\nStack trace:\n#0 D:\\xamp\\htdocs\\PassManager\\addNewCar.php(54): mysqli_stmt->execute()\n#1 {main}\n  thrown in D:\\xamp\\htdocs\\PassManager\\addNewCar.php on line 54, referer: http://localhost/PassManager/admin.php
[Sun May 19 00:45:35.031483 2024] [php:error] [pid 12376:tid 1876] [client ::1:49976] PHP Fatal error:  Uncaught mysqli_sql_exception: Duplicate entry '1' for key 'model' in D:\\xamp\\htdocs\\PassManager\\addNewCar.php:54\nStack trace:\n#0 D:\\xamp\\htdocs\\PassManager\\addNewCar.php(54): mysqli_stmt->execute()\n#1 {main}\n  thrown in D:\\xamp\\htdocs\\PassManager\\addNewCar.php on line 54, referer: http://localhost/PassManager/admin.php
[Sun May 19 00:45:35.140556 2024] [php:error] [pid 12376:tid 1876] [client ::1:49976] PHP Fatal error:  Uncaught mysqli_sql_exception: Duplicate entry '1' for key 'model' in D:\\xamp\\htdocs\\PassManager\\addNewCar.php:54\nStack trace:\n#0 D:\\xamp\\htdocs\\PassManager\\addNewCar.php(54): mysqli_stmt->execute()\n#1 {main}\n  thrown in D:\\xamp\\htdocs\\PassManager\\addNewCar.php on line 54, referer: http://localhost/PassManager/admin.php
[Sun May 19 00:45:35.272993 2024] [php:error] [pid 12376:tid 1876] [client ::1:49976] PHP Fatal error:  Uncaught mysqli_sql_exception: Duplicate entry '1' for key 'model' in D:\\xamp\\htdocs\\PassManager\\addNewCar.php:54\nStack trace:\n#0 D:\\xamp\\htdocs\\PassManager\\addNewCar.php(54): mysqli_stmt->execute()\n#1 {main}\n  thrown in D:\\xamp\\htdocs\\PassManager\\addNewCar.php on line 54, referer: http://localhost/PassManager/admin.php
[Sun May 19 00:50:08.948763 2024] [php:error] [pid 12376:tid 1876] [client ::1:53111] PHP Fatal error:  Uncaught mysqli_sql_exception: Duplicate entry '1' for key 'model' in D:\\xamp\\htdocs\\PassManager\\addNewCar.php:54\nStack trace:\n#0 D:\\xamp\\htdocs\\PassManager\\addNewCar.php(54): mysqli_stmt->execute()\n#1 {main}\n  thrown in D:\\xamp\\htdocs\\PassManager\\addNewCar.php on line 54, referer: http://localhost/PassManager/admin.php
[Sun May 19 00:50:09.100745 2024] [php:error] [pid 12376:tid 1876] [client ::1:53111] PHP Fatal error:  Uncaught mysqli_sql_exception: Duplicate entry '1' for key 'model' in D:\\xamp\\htdocs\\PassManager\\addNewCar.php:54\nStack trace:\n#0 D:\\xamp\\htdocs\\PassManager\\addNewCar.php(54): mysqli_stmt->execute()\n#1 {main}\n  thrown in D:\\xamp\\htdocs\\PassManager\\addNewCar.php on line 54, referer: http://localhost/PassManager/admin.php
[Sun May 19 00:50:09.202913 2024] [php:error] [pid 12376:tid 1876] [client ::1:53111] PHP Fatal error:  Uncaught mysqli_sql_exception: Duplicate entry '1' for key 'model' in D:\\xamp\\htdocs\\PassManager\\addNewCar.php:54\nStack trace:\n#0 D:\\xamp\\htdocs\\PassManager\\addNewCar.php(54): mysqli_stmt->execute()\n#1 {main}\n  thrown in D:\\xamp\\htdocs\\PassManager\\addNewCar.php on line 54, referer: http://localhost/PassManager/admin.php
[Sun May 19 00:50:09.313283 2024] [php:error] [pid 12376:tid 1876] [client ::1:53111] PHP Fatal error:  Uncaught mysqli_sql_exception: Duplicate entry '1' for key 'model' in D:\\xamp\\htdocs\\PassManager\\addNewCar.php:54\nStack trace:\n#0 D:\\xamp\\htdocs\\PassManager\\addNewCar.php(54): mysqli_stmt->execute()\n#1 {main}\n  thrown in D:\\xamp\\htdocs\\PassManager\\addNewCar.php on line 54, referer: http://localhost/PassManager/admin.php
[Sun May 19 00:50:09.436231 2024] [php:error] [pid 12376:tid 1876] [client ::1:53111] PHP Fatal error:  Uncaught mysqli_sql_exception: Duplicate entry '1' for key 'model' in D:\\xamp\\htdocs\\PassManager\\addNewCar.php:54\nStack trace:\n#0 D:\\xamp\\htdocs\\PassManager\\addNewCar.php(54): mysqli_stmt->execute()\n#1 {main}\n  thrown in D:\\xamp\\htdocs\\PassManager\\addNewCar.php on line 54, referer: http://localhost/PassManager/admin.php
[Sun May 19 00:50:09.558935 2024] [php:error] [pid 12376:tid 1876] [client ::1:53111] PHP Fatal error:  Uncaught mysqli_sql_exception: Duplicate entry '1' for key 'model' in D:\\xamp\\htdocs\\PassManager\\addNewCar.php:54\nStack trace:\n#0 D:\\xamp\\htdocs\\PassManager\\addNewCar.php(54): mysqli_stmt->execute()\n#1 {main}\n  thrown in D:\\xamp\\htdocs\\PassManager\\addNewCar.php on line 54, referer: http://localhost/PassManager/admin.php
[Sun May 19 00:50:09.674507 2024] [php:error] [pid 12376:tid 1876] [client ::1:53111] PHP Fatal error:  Uncaught mysqli_sql_exception: Duplicate entry '1' for key 'model' in D:\\xamp\\htdocs\\PassManager\\addNewCar.php:54\nStack trace:\n#0 D:\\xamp\\htdocs\\PassManager\\addNewCar.php(54): mysqli_stmt->execute()\n#1 {main}\n  thrown in D:\\xamp\\htdocs\\PassManager\\addNewCar.php on line 54, referer: http://localhost/PassManager/admin.php
[Sun May 19 00:50:09.767679 2024] [php:error] [pid 12376:tid 1876] [client ::1:53111] PHP Fatal error:  Uncaught mysqli_sql_exception: Duplicate entry '1' for key 'model' in D:\\xamp\\htdocs\\PassManager\\addNewCar.php:54\nStack trace:\n#0 D:\\xamp\\htdocs\\PassManager\\addNewCar.php(54): mysqli_stmt->execute()\n#1 {main}\n  thrown in D:\\xamp\\htdocs\\PassManager\\addNewCar.php on line 54, referer: http://localhost/PassManager/admin.php
[Sun May 19 00:50:09.860089 2024] [php:error] [pid 12376:tid 1876] [client ::1:53111] PHP Fatal error:  Uncaught mysqli_sql_exception: Duplicate entry '1' for key 'model' in D:\\xamp\\htdocs\\PassManager\\addNewCar.php:54\nStack trace:\n#0 D:\\xamp\\htdocs\\PassManager\\addNewCar.php(54): mysqli_stmt->execute()\n#1 {main}\n  thrown in D:\\xamp\\htdocs\\PassManager\\addNewCar.php on line 54, referer: http://localhost/PassManager/admin.php
[Sun May 19 00:51:27.578656 2024] [php:error] [pid 12376:tid 1876] [client ::1:54047] PHP Fatal error:  Uncaught mysqli_sql_exception: Duplicate entry '1' for key 'model' in D:\\xamp\\htdocs\\PassManager\\addNewCar.php:54\nStack trace:\n#0 D:\\xamp\\htdocs\\PassManager\\addNewCar.php(54): mysqli_stmt->execute()\n#1 {main}\n  thrown in D:\\xamp\\htdocs\\PassManager\\addNewCar.php on line 54, referer: http://localhost/PassManager/admin.php
[Sun May 19 00:51:27.936503 2024] [php:error] [pid 12376:tid 1876] [client ::1:54047] PHP Fatal error:  Uncaught mysqli_sql_exception: Duplicate entry '1' for key 'model' in D:\\xamp\\htdocs\\PassManager\\addNewCar.php:54\nStack trace:\n#0 D:\\xamp\\htdocs\\PassManager\\addNewCar.php(54): mysqli_stmt->execute()\n#1 {main}\n  thrown in D:\\xamp\\htdocs\\PassManager\\addNewCar.php on line 54, referer: http://localhost/PassManager/admin.php
[Sun May 19 00:51:28.075397 2024] [php:error] [pid 12376:tid 1876] [client ::1:54047] PHP Fatal error:  Uncaught mysqli_sql_exception: Duplicate entry '1' for key 'model' in D:\\xamp\\htdocs\\PassManager\\addNewCar.php:54\nStack trace:\n#0 D:\\xamp\\htdocs\\PassManager\\addNewCar.php(54): mysqli_stmt->execute()\n#1 {main}\n  thrown in D:\\xamp\\htdocs\\PassManager\\addNewCar.php on line 54, referer: http://localhost/PassManager/admin.php
[Sun May 19 00:51:28.207596 2024] [php:error] [pid 12376:tid 1876] [client ::1:54047] PHP Fatal error:  Uncaught mysqli_sql_exception: Duplicate entry '1' for key 'model' in D:\\xamp\\htdocs\\PassManager\\addNewCar.php:54\nStack trace:\n#0 D:\\xamp\\htdocs\\PassManager\\addNewCar.php(54): mysqli_stmt->execute()\n#1 {main}\n  thrown in D:\\xamp\\htdocs\\PassManager\\addNewCar.php on line 54, referer: http://localhost/PassManager/admin.php
[Sun May 19 00:51:28.339929 2024] [php:error] [pid 12376:tid 1876] [client ::1:54047] PHP Fatal error:  Uncaught mysqli_sql_exception: Duplicate entry '1' for key 'model' in D:\\xamp\\htdocs\\PassManager\\addNewCar.php:54\nStack trace:\n#0 D:\\xamp\\htdocs\\PassManager\\addNewCar.php(54): mysqli_stmt->execute()\n#1 {main}\n  thrown in D:\\xamp\\htdocs\\PassManager\\addNewCar.php on line 54, referer: http://localhost/PassManager/admin.php
[Sun May 19 00:51:28.462235 2024] [php:error] [pid 12376:tid 1876] [client ::1:54047] PHP Fatal error:  Uncaught mysqli_sql_exception: Duplicate entry '1' for key 'model' in D:\\xamp\\htdocs\\PassManager\\addNewCar.php:54\nStack trace:\n#0 D:\\xamp\\htdocs\\PassManager\\addNewCar.php(54): mysqli_stmt->execute()\n#1 {main}\n  thrown in D:\\xamp\\htdocs\\PassManager\\addNewCar.php on line 54, referer: http://localhost/PassManager/admin.php
[Sun May 19 00:51:28.582871 2024] [php:error] [pid 12376:tid 1876] [client ::1:54047] PHP Fatal error:  Uncaught mysqli_sql_exception: Duplicate entry '1' for key 'model' in D:\\xamp\\htdocs\\PassManager\\addNewCar.php:54\nStack trace:\n#0 D:\\xamp\\htdocs\\PassManager\\addNewCar.php(54): mysqli_stmt->execute()\n#1 {main}\n  thrown in D:\\xamp\\htdocs\\PassManager\\addNewCar.php on line 54, referer: http://localhost/PassManager/admin.php
[Sun May 19 00:51:28.675868 2024] [php:error] [pid 12376:tid 1876] [client ::1:54047] PHP Fatal error:  Uncaught mysqli_sql_exception: Duplicate entry '1' for key 'model' in D:\\xamp\\htdocs\\PassManager\\addNewCar.php:54\nStack trace:\n#0 D:\\xamp\\htdocs\\PassManager\\addNewCar.php(54): mysqli_stmt->execute()\n#1 {main}\n  thrown in D:\\xamp\\htdocs\\PassManager\\addNewCar.php on line 54, referer: http://localhost/PassManager/admin.php
[Sun May 19 00:51:28.800484 2024] [php:error] [pid 12376:tid 1876] [client ::1:54047] PHP Fatal error:  Uncaught mysqli_sql_exception: Duplicate entry '1' for key 'model' in D:\\xamp\\htdocs\\PassManager\\addNewCar.php:54\nStack trace:\n#0 D:\\xamp\\htdocs\\PassManager\\addNewCar.php(54): mysqli_stmt->execute()\n#1 {main}\n  thrown in D:\\xamp\\htdocs\\PassManager\\addNewCar.php on line 54, referer: http://localhost/PassManager/admin.php
[Sun May 19 00:51:28.917379 2024] [php:error] [pid 12376:tid 1876] [client ::1:54047] PHP Fatal error:  Uncaught mysqli_sql_exception: Duplicate entry '1' for key 'model' in D:\\xamp\\htdocs\\PassManager\\addNewCar.php:54\nStack trace:\n#0 D:\\xamp\\htdocs\\PassManager\\addNewCar.php(54): mysqli_stmt->execute()\n#1 {main}\n  thrown in D:\\xamp\\htdocs\\PassManager\\addNewCar.php on line 54, referer: http://localhost/PassManager/admin.php
[Sun May 19 00:51:29.029909 2024] [php:error] [pid 12376:tid 1876] [client ::1:54047] PHP Fatal error:  Uncaught mysqli_sql_exception: Duplicate entry '1' for key 'model' in D:\\xamp\\htdocs\\PassManager\\addNewCar.php:54\nStack trace:\n#0 D:\\xamp\\htdocs\\PassManager\\addNewCar.php(54): mysqli_stmt->execute()\n#1 {main}\n  thrown in D:\\xamp\\htdocs\\PassManager\\addNewCar.php on line 54, referer: http://localhost/PassManager/admin.php
[Sun May 19 00:51:29.152547 2024] [php:error] [pid 12376:tid 1876] [client ::1:54047] PHP Fatal error:  Uncaught mysqli_sql_exception: Duplicate entry '1' for key 'model' in D:\\xamp\\htdocs\\PassManager\\addNewCar.php:54\nStack trace:\n#0 D:\\xamp\\htdocs\\PassManager\\addNewCar.php(54): mysqli_stmt->execute()\n#1 {main}\n  thrown in D:\\xamp\\htdocs\\PassManager\\addNewCar.php on line 54, referer: http://localhost/PassManager/admin.php
[Sun May 19 00:51:29.273188 2024] [php:error] [pid 12376:tid 1876] [client ::1:54047] PHP Fatal error:  Uncaught mysqli_sql_exception: Duplicate entry '1' for key 'model' in D:\\xamp\\htdocs\\PassManager\\addNewCar.php:54\nStack trace:\n#0 D:\\xamp\\htdocs\\PassManager\\addNewCar.php(54): mysqli_stmt->execute()\n#1 {main}\n  thrown in D:\\xamp\\htdocs\\PassManager\\addNewCar.php on line 54, referer: http://localhost/PassManager/admin.php
[Sun May 19 00:51:29.395920 2024] [php:error] [pid 12376:tid 1876] [client ::1:54047] PHP Fatal error:  Uncaught mysqli_sql_exception: Duplicate entry '1' for key 'model' in D:\\xamp\\htdocs\\PassManager\\addNewCar.php:54\nStack trace:\n#0 D:\\xamp\\htdocs\\PassManager\\addNewCar.php(54): mysqli_stmt->execute()\n#1 {main}\n  thrown in D:\\xamp\\htdocs\\PassManager\\addNewCar.php on line 54, referer: http://localhost/PassManager/admin.php
[Sun May 19 00:51:29.518538 2024] [php:error] [pid 12376:tid 1876] [client ::1:54047] PHP Fatal error:  Uncaught mysqli_sql_exception: Duplicate entry '1' for key 'model' in D:\\xamp\\htdocs\\PassManager\\addNewCar.php:54\nStack trace:\n#0 D:\\xamp\\htdocs\\PassManager\\addNewCar.php(54): mysqli_stmt->execute()\n#1 {main}\n  thrown in D:\\xamp\\htdocs\\PassManager\\addNewCar.php on line 54, referer: http://localhost/PassManager/admin.php
[Sun May 19 00:51:29.630405 2024] [php:error] [pid 12376:tid 1876] [client ::1:54047] PHP Fatal error:  Uncaught mysqli_sql_exception: Duplicate entry '1' for key 'model' in D:\\xamp\\htdocs\\PassManager\\addNewCar.php:54\nStack trace:\n#0 D:\\xamp\\htdocs\\PassManager\\addNewCar.php(54): mysqli_stmt->execute()\n#1 {main}\n  thrown in D:\\xamp\\htdocs\\PassManager\\addNewCar.php on line 54, referer: http://localhost/PassManager/admin.php
[Sun May 19 00:51:29.744449 2024] [php:error] [pid 12376:tid 1876] [client ::1:54047] PHP Fatal error:  Uncaught mysqli_sql_exception: Duplicate entry '1' for key 'model' in D:\\xamp\\htdocs\\PassManager\\addNewCar.php:54\nStack trace:\n#0 D:\\xamp\\htdocs\\PassManager\\addNewCar.php(54): mysqli_stmt->execute()\n#1 {main}\n  thrown in D:\\xamp\\htdocs\\PassManager\\addNewCar.php on line 54, referer: http://localhost/PassManager/admin.php
[Sun May 19 00:56:06.819347 2024] [php:error] [pid 12376:tid 1876] [client ::1:57870] PHP Fatal error:  Uncaught ArgumentCountError: The number of variables must match the number of parameters in the prepared statement in D:\\xamp\\htdocs\\PassManager\\addNewCar.php:16\nStack trace:\n#0 D:\\xamp\\htdocs\\PassManager\\addNewCar.php(16): mysqli_stmt->bind_param('ss', 'root', NULL)\n#1 {main}\n  thrown in D:\\xamp\\htdocs\\PassManager\\addNewCar.php on line 16, referer: http://localhost/PassManager/admin.php
[Sun May 19 00:56:19.129575 2024] [php:error] [pid 12376:tid 1876] [client ::1:58023] PHP Fatal error:  Uncaught ArgumentCountError: The number of elements in the type definition string must match the number of bind variables in D:\\xamp\\htdocs\\PassManager\\addNewCar.php:16\nStack trace:\n#0 D:\\xamp\\htdocs\\PassManager\\addNewCar.php(16): mysqli_stmt->bind_param('s', 'root', NULL)\n#1 {main}\n  thrown in D:\\xamp\\htdocs\\PassManager\\addNewCar.php on line 16, referer: http://localhost/PassManager/admin.php
[Sun May 19 01:06:42.327743 2024] [php:warn] [pid 12376:tid 1892] [client ::1:51089] PHP Warning:  Undefined array key "username" in D:\\xamp\\htdocs\\PassManager\\admin.php on line 130, referer: http://localhost/PassManager/admin.php
[Sun May 19 01:06:42.327743 2024] [php:warn] [pid 12376:tid 1892] [client ::1:51089] PHP Warning:  Undefined array key "username" in D:\\xamp\\htdocs\\PassManager\\admin.php on line 130, referer: http://localhost/PassManager/admin.php
[Sun May 19 01:06:42.327743 2024] [php:warn] [pid 12376:tid 1892] [client ::1:51089] PHP Warning:  Undefined array key "username" in D:\\xamp\\htdocs\\PassManager\\admin.php on line 130, referer: http://localhost/PassManager/admin.php
[Sun May 19 01:06:42.327743 2024] [php:warn] [pid 12376:tid 1892] [client ::1:51089] PHP Warning:  Undefined array key "username" in D:\\xamp\\htdocs\\PassManager\\admin.php on line 130, referer: http://localhost/PassManager/admin.php
[Sun May 19 01:06:42.327743 2024] [php:warn] [pid 12376:tid 1892] [client ::1:51089] PHP Warning:  Undefined array key "username" in D:\\xamp\\htdocs\\PassManager\\admin.php on line 130, referer: http://localhost/PassManager/admin.php
[Sun May 26 09:00:24.103759 2024] [ssl:warn] [pid 13804:tid 376] AH01909: www.example.com:443:0 server certificate does NOT include an ID which matches the server name
[Sun May 26 09:00:24.148774 2024] [core:warn] [pid 13804:tid 376] AH00098: pid file D:/xamp/apache/logs/httpd.pid overwritten -- Unclean shutdown of previous Apache run?
[Sun May 26 09:00:24.151271 2024] [ssl:warn] [pid 13804:tid 376] AH01909: www.example.com:443:0 server certificate does NOT include an ID which matches the server name
[Sun May 26 09:00:24.549566 2024] [mpm_winnt:notice] [pid 13804:tid 376] AH00455: Apache/2.4.58 (Win64) OpenSSL/3.1.3 PHP/8.2.12 configured -- resuming normal operations
[Sun May 26 09:00:24.549566 2024] [mpm_winnt:notice] [pid 13804:tid 376] AH00456: Apache Lounge VS17 Server built: Oct 18 2023 13:03:18
[Sun May 26 09:00:24.549566 2024] [core:notice] [pid 13804:tid 376] AH00094: Command line: 'd:\\xamp\\apache\\bin\\httpd.exe -d D:/xamp/apache'
[Sun May 26 09:00:24.553114 2024] [mpm_winnt:notice] [pid 13804:tid 376] AH00418: Parent: Created child process 2608
[Sun May 26 09:00:24.814745 2024] [ssl:warn] [pid 2608:tid 352] AH01909: www.example.com:443:0 server certificate does NOT include an ID which matches the server name
[Sun May 26 09:00:24.844733 2024] [ssl:warn] [pid 2608:tid 352] AH01909: www.example.com:443:0 server certificate does NOT include an ID which matches the server name
[Sun May 26 09:00:24.874860 2024] [mpm_winnt:notice] [pid 2608:tid 352] AH00354: Child: Starting 150 worker threads.
[Sun Jul 07 18:06:36.557943 2024] [ssl:warn] [pid 4932:tid 392] AH01909: www.example.com:443:0 server certificate does NOT include an ID which matches the server name
[Sun Jul 07 18:06:36.590856 2024] [core:warn] [pid 4932:tid 392] AH00098: pid file D:/xamp/apache/logs/httpd.pid overwritten -- Unclean shutdown of previous Apache run?
[Sun Jul 07 18:06:36.592852 2024] [ssl:warn] [pid 4932:tid 392] AH01909: www.example.com:443:0 server certificate does NOT include an ID which matches the server name
[Sun Jul 07 18:06:36.922134 2024] [mpm_winnt:notice] [pid 4932:tid 392] AH00455: Apache/2.4.58 (Win64) OpenSSL/3.1.3 PHP/8.2.12 configured -- resuming normal operations
[Sun Jul 07 18:06:36.922134 2024] [mpm_winnt:notice] [pid 4932:tid 392] AH00456: Apache Lounge VS17 Server built: Oct 18 2023 13:03:18
[Sun Jul 07 18:06:36.922134 2024] [core:notice] [pid 4932:tid 392] AH00094: Command line: 'd:\\xamp\\apache\\bin\\httpd.exe -d D:/xamp/apache'
[Sun Jul 07 18:06:36.926152 2024] [mpm_winnt:notice] [pid 4932:tid 392] AH00418: Parent: Created child process 18860
[Sun Jul 07 18:06:37.161484 2024] [ssl:warn] [pid 18860:tid 388] AH01909: www.example.com:443:0 server certificate does NOT include an ID which matches the server name
[Sun Jul 07 18:06:37.184541 2024] [ssl:warn] [pid 18860:tid 388] AH01909: www.example.com:443:0 server certificate does NOT include an ID which matches the server name
[Sun Jul 07 18:06:37.212467 2024] [mpm_winnt:notice] [pid 18860:tid 388] AH00354: Child: Starting 150 worker threads.
[Sun Jul 07 18:07:52.169706 2024] [php:warn] [pid 18860:tid 1892] [client ::1:51185] PHP Warning:  Undefined array key "username" in D:\\xamp\\htdocs\\PassManager\\auth.php on line 21
[Sun Jul 07 18:07:52.169706 2024] [php:warn] [pid 18860:tid 1892] [client ::1:51185] PHP Warning:  Undefined array key "password" in D:\\xamp\\htdocs\\PassManager\\auth.php on line 22
[Sun Jul 07 18:09:36.800433 2024] [php:warn] [pid 18860:tid 1904] [client ::1:51269] PHP Warning:  Undefined array key "username" in D:\\xamp\\htdocs\\PassManager\\auth.php on line 21
[Sun Jul 07 18:09:36.800433 2024] [php:warn] [pid 18860:tid 1904] [client ::1:51269] PHP Warning:  Undefined array key "password" in D:\\xamp\\htdocs\\PassManager\\auth.php on line 22
[Sun Jul 07 18:09:36.811376 2024] [php:warn] [pid 18860:tid 1904] [client ::1:51269] PHP Warning:  Undefined array key "username" in D:\\xamp\\htdocs\\PassManager\\home.php on line 67
[Sun Jul 07 18:09:36.811376 2024] [php:warn] [pid 18860:tid 1904] [client ::1:51269] PHP Warning:  Undefined array key "username" in D:\\xamp\\htdocs\\PassManager\\home.php on line 96
[Sun Jul 07 18:09:36.812374 2024] [php:warn] [pid 18860:tid 1904] [client ::1:51269] PHP Warning:  Undefined array key "email" in D:\\xamp\\htdocs\\PassManager\\home.php on line 97
[Sun Jul 07 18:09:36.812374 2024] [php:warn] [pid 18860:tid 1904] [client ::1:51269] PHP Warning:  Undefined array key "user_id" in D:\\xamp\\htdocs\\PassManager\\home.php on line 98
[Sun Jul 07 18:09:36.812374 2024] [php:warn] [pid 18860:tid 1904] [client ::1:51269] PHP Warning:  Undefined array key "user_id" in D:\\xamp\\htdocs\\PassManager\\home.php on line 207
[Sun Jul 07 18:09:36.812374 2024] [php:error] [pid 18860:tid 1904] [client ::1:51269] PHP Fatal error:  Uncaught mysqli_sql_exception: You have an error in your SQL syntax; check the manual that corresponds to your MariaDB server version for the right syntax to use near 'ORDER BY booking_id DESC' at line 1 in D:\\xamp\\htdocs\\PassManager\\home.php:207\nStack trace:\n#0 D:\\xamp\\htdocs\\PassManager\\home.php(207): mysqli->prepare('SELECT * FROM b...')\n#1 {main}\n  thrown in D:\\xamp\\htdocs\\PassManager\\home.php on line 207
[Sun Jul 07 18:09:49.568518 2024] [php:warn] [pid 18860:tid 1904] [client ::1:51272] PHP Warning:  Undefined array key "username" in D:\\xamp\\htdocs\\PassManager\\auth.php on line 21
[Sun Jul 07 18:09:49.568518 2024] [php:warn] [pid 18860:tid 1904] [client ::1:51272] PHP Warning:  Undefined array key "password" in D:\\xamp\\htdocs\\PassManager\\auth.php on line 22
